1.3795 	WARNING 	Movie2 stim could not be imported and won't be available
24.4195 	EXP 	Created window1 = Window(allowGUI=False, allowStencil=False, autoLog=True, bitsMode=UNKNOWN, blendMode='avg', color=array([ 0.,  0.,  0.]), colorSpace='rgb', fullscr=UNKNOWN, gamma=None, lms=UNKNOWN, monitor=<psychopy.monitors.calibTools.Monitor instance at 0x05232468>, name='window1', pos=[0, 0], screen=0, size=array([3440, 1440]), stereo=False, units=u'norm', useFBO=True, viewOri=0.0, viewPos=None, viewScale=None, waitBlanking=True, winType='pyglet')
24.4195 	EXP 	window1: recordFrameIntervals = False
24.5524 	EXP 	window1: recordFrameIntervals = True
24.6994 	EXP 	window1: recordFrameIntervals = False
24.8169 	EXP 	Created instructions = TextStim(alignHoriz='center', alignVert='center', antialias=True, autoLog=True, bold=False, color=array([ 1.,  1.,  1.]), colorSpace='rgb', contrast=1.0, depth=0.0, flipHoriz=False, flipVert=False, font='Arial', fontFiles=[], height=0.1, italic=False, name='instructions', opacity=1.0, ori=0, pos=array([ 0.,  0.]), rgb=array([ 1.,  1.,  1.]), text=unicode(...), units=u'norm', win=Window(...), wrapWidth=1)
24.8188 	EXP 	Created fixation = GratingStim(autoDraw=False, autoLog=True, color=array([ 1.,  1.,  1.]), colorSpace='rgb', contrast=1.0, depth=0.0, interpolate=True, mask=None, maskParams=None, name='fixation', opacity=1.0, ori=0.0, phase=array([ 0.,  0.]), pos=array([ 0.,  0.]), rgbPedestal=array([ 0.,  0.,  0.]), sf=array([ 1.,  1.]), size=array([ 3.,  3.]), tex=None, texRes=128, units='pix', win=Window(...))
24.8222 	EXP 	Created gabor = GratingStim(autoDraw=False, autoLog=True, color=array([ 1.,  1.,  1.]), colorSpace='rgb', contrast=1.0, depth=-1.0, interpolate=True, mask='gauss', maskParams=None, name='gabor', opacity=1.0, ori=10.0, phase=array([ 1.,  1.]), pos=array([ 0.,  0.]), rgbPedestal=array([ 0.,  0.,  0.]), sf=array([ 0.1,  0.1]), size=array([ 128.,  128.]), tex='sin', texRes=128, units='pix', win=Window(...))
24.8327 	EXP 	instructions: autoDraw = True
29.8515 	DATA 	Keypress: lwindows
29.9047 	EXP 	instructions: autoDraw = False
29.9047 	EXP 	gabor: color = '[ 0.5  0.5  0.5] (rgb)'
29.9047 	EXP 	fixation: autoDraw = True
30.4119 	EXP 	gabor: autoDraw = True
30.9057 	EXP 	fixation: autoDraw = False
30.9057 	EXP 	gabor: autoDraw = False
32.3740 	EXP 	fixation: autoDraw = False
32.3740 	EXP 	gabor: autoDraw = False
32.3740 	EXP 	gabor: color = '[ 1.  1.  1.] (rgb)'
32.3740 	EXP 	fixation: autoDraw = True
32.8811 	EXP 	gabor: autoDraw = True
33.3750 	EXP 	fixation: autoDraw = False
33.3750 	EXP 	gabor: autoDraw = False
33.4553 	DATA 	Keypress: escape
