1.4141 	WARNING 	Movie2 stim could not be imported and won't be available
15.9553 	EXP 	Created window1 = Window(allowGUI=False, allowStencil=False, autoLog=True, bitsMode=UNKNOWN, blendMode='avg', color=array([ 0.,  0.,  0.]), colorSpace='rgb', fullscr=UNKNOWN, gamma=None, lms=UNKNOWN, monitor=<psychopy.monitors.calibTools.Monitor instance at 0x051FB468>, name='window1', pos=[0, 0], screen=0, size=array([3440, 1440]), stereo=False, units=u'norm', useFBO=True, viewOri=0.0, viewPos=None, viewScale=None, waitBlanking=True, winType='pyglet')
15.9553 	EXP 	window1: recordFrameIntervals = False
16.0882 	EXP 	window1: recordFrameIntervals = True
16.2352 	EXP 	window1: recordFrameIntervals = False
16.3536 	EXP 	Created instructions = TextStim(alignHoriz='center', alignVert='center', antialias=True, autoLog=True, bold=False, color=array([ 1.,  1.,  1.]), colorSpace='rgb', contrast=1.0, depth=0.0, flipHoriz=False, flipVert=False, font='Arial', fontFiles=[], height=0.1, italic=False, name='instructions', opacity=1.0, ori=0, pos=array([ 0.,  0.]), rgb=array([ 1.,  1.,  1.]), text=unicode(...), units=u'norm', win=Window(...), wrapWidth=1)
16.3556 	EXP 	Created fixation = GratingStim(autoDraw=False, autoLog=True, color=array([ 1.,  1.,  1.]), colorSpace='rgb', contrast=1.0, depth=0.0, interpolate=True, mask=None, maskParams=None, name='fixation', opacity=1.0, ori=0.0, phase=array([ 0.,  0.]), pos=array([ 0.,  0.]), rgbPedestal=array([ 0.,  0.,  0.]), sf=array([ 1.,  1.]), size=array([ 3.,  3.]), tex=None, texRes=128, units='pix', win=Window(...))
16.3594 	EXP 	Created gabor = GratingStim(autoDraw=False, autoLog=True, color=array([ 1.,  1.,  1.]), colorSpace='rgb', contrast=1.0, depth=-1.0, interpolate=True, mask='gauss', maskParams=None, name='gabor', opacity=1.0, ori=10.0, phase=array([ 1.,  1.]), pos=array([ 0.,  0.]), rgbPedestal=array([ 0.,  0.,  0.]), sf=array([ 0.1,  0.1]), size=array([ 128.,  128.]), tex='sin', texRes=128, units='pix', win=Window(...))
16.3684 	EXP 	instructions: autoDraw = True
48.0156 	DATA 	Keypress: up
48.0288 	EXP 	instructions: autoDraw = False
48.0288 	EXP 	gabor: color = '[ 0.5  0.5  0.5] (rgb)'
48.0288 	EXP 	fixation: autoDraw = True
48.5359 	EXP 	gabor: autoDraw = True
48.6162 	DATA 	Keypress: up
48.6294 	EXP 	fixation: autoDraw = False
48.6294 	EXP 	gabor: autoDraw = False
48.6294 	EXP 	gabor: color = '[ 0.07924466  0.07924466  0.07924466] (rgb)'
48.6294 	EXP 	fixation: autoDraw = True
49.1366 	EXP 	gabor: autoDraw = True
49.3770 	DATA 	Keypress: up
49.3902 	EXP 	fixation: autoDraw = False
49.3902 	EXP 	gabor: autoDraw = False
49.3902 	EXP 	gabor: color = '[ 0.01255943  0.01255943  0.01255943] (rgb)'
49.3902 	EXP 	fixation: autoDraw = True
49.8973 	EXP 	gabor: autoDraw = True
50.3648 	DATA 	Keypress: up
50.3779 	EXP 	fixation: autoDraw = False
50.3779 	EXP 	gabor: autoDraw = False
50.3779 	EXP 	gabor: color = '[ 0.00199054  0.00199054  0.00199054] (rgb)'
50.3779 	EXP 	fixation: autoDraw = True
50.6182 	DATA 	Keypress: down
50.8851 	EXP 	gabor: autoDraw = True
51.2190 	DATA 	Keypress: up
51.2321 	EXP 	fixation: autoDraw = False
51.2321 	EXP 	gabor: autoDraw = False
51.2321 	EXP 	gabor: color = '[ 0.00031548  0.00031548  0.00031548] (rgb)'
51.2321 	EXP 	fixation: autoDraw = True
51.5392 	DATA 	Keypress: down
51.7393 	EXP 	gabor: autoDraw = True
52.1801 	DATA 	Keypress: up
52.1931 	EXP 	fixation: autoDraw = False
52.1931 	EXP 	gabor: autoDraw = False
52.1931 	EXP 	gabor: color = '[  5.00000000e-05   5.00000000e-05   5.00000000e-05] (rgb)'
52.1931 	EXP 	fixation: autoDraw = True
52.3534 	DATA 	Keypress: down
52.7003 	EXP 	gabor: autoDraw = True
53.1942 	EXP 	fixation: autoDraw = False
53.1942 	EXP 	gabor: autoDraw = False
53.2211 	DATA 	Keypress: down
53.2343 	EXP 	fixation: autoDraw = False
53.2343 	EXP 	gabor: autoDraw = False
53.2343 	EXP 	gabor: color = '[ 0.00031548  0.00031548  0.00031548] (rgb)'
53.2343 	EXP 	fixation: autoDraw = True
53.7414 	EXP 	gabor: autoDraw = True
54.2353 	EXP 	fixation: autoDraw = False
54.2353 	EXP 	gabor: autoDraw = False
54.7826 	DATA 	Keypress: down
54.7959 	EXP 	fixation: autoDraw = False
54.7959 	EXP 	gabor: autoDraw = False
54.7959 	EXP 	gabor: color = '[ 0.00199054  0.00199054  0.00199054] (rgb)'
54.7959 	EXP 	fixation: autoDraw = True
55.3027 	EXP 	gabor: autoDraw = True
55.7969 	EXP 	fixation: autoDraw = False
55.7969 	EXP 	gabor: autoDraw = False
56.1175 	DATA 	Keypress: down
56.1306 	EXP 	fixation: autoDraw = False
56.1306 	EXP 	gabor: autoDraw = False
56.1306 	EXP 	gabor: color = '[ 0.01255943  0.01255943  0.01255943] (rgb)'
56.1306 	EXP 	fixation: autoDraw = True
56.6378 	EXP 	gabor: autoDraw = True
57.1317 	EXP 	fixation: autoDraw = False
57.1317 	EXP 	gabor: autoDraw = False
57.4254 	DATA 	Keypress: down
57.4387 	EXP 	fixation: autoDraw = False
57.4387 	EXP 	gabor: autoDraw = False
57.4387 	EXP 	gabor: color = '[ 0.07924466  0.07924466  0.07924466] (rgb)'
57.4387 	EXP 	fixation: autoDraw = True
57.7858 	DATA 	Keypress: up
57.9458 	EXP 	gabor: autoDraw = True
58.4397 	EXP 	fixation: autoDraw = False
58.4397 	EXP 	gabor: autoDraw = False
58.6267 	DATA 	Keypress: up
58.6399 	EXP 	fixation: autoDraw = False
58.6399 	EXP 	gabor: autoDraw = False
58.6399 	EXP 	gabor: color = '[ 0.07924466  0.07924466  0.07924466] (rgb)'
58.6399 	EXP 	fixation: autoDraw = True
59.1471 	EXP 	gabor: autoDraw = True
59.1873 	DATA 	Keypress: up
59.2005 	EXP 	fixation: autoDraw = False
59.2005 	EXP 	gabor: autoDraw = False
59.2005 	EXP 	gabor: color = '[ 0.07924466  0.07924466  0.07924466] (rgb)'
59.2005 	EXP 	fixation: autoDraw = True
59.7077 	EXP 	gabor: autoDraw = True
60.1751 	DATA 	Keypress: down
60.1882 	EXP 	fixation: autoDraw = False
60.1882 	EXP 	gabor: autoDraw = False
60.1882 	EXP 	gabor: color = '[ 0.5  0.5  0.5] (rgb)'
60.1882 	EXP 	fixation: autoDraw = True
60.4549 	DATA 	Keypress: up
60.6954 	EXP 	gabor: autoDraw = True
61.1893 	EXP 	fixation: autoDraw = False
61.1893 	EXP 	gabor: autoDraw = False
61.6432 	DATA 	Keypress: up
61.6564 	EXP 	fixation: autoDraw = False
61.6564 	EXP 	gabor: autoDraw = False
61.6564 	EXP 	gabor: color = '[ 0.5  0.5  0.5] (rgb)'
61.6564 	EXP 	fixation: autoDraw = True
62.1636 	EXP 	gabor: autoDraw = True
62.5242 	DATA 	Keypress: up
62.5373 	EXP 	fixation: autoDraw = False
62.5373 	EXP 	gabor: autoDraw = False
62.5373 	EXP 	gabor: color = '[ 0.5  0.5  0.5] (rgb)'
62.5373 	EXP 	fixation: autoDraw = True
62.8445 	DATA 	Keypress: down
63.0446 	EXP 	gabor: autoDraw = True
63.5384 	EXP 	fixation: autoDraw = False
63.5384 	EXP 	gabor: autoDraw = False
64.2327 	DATA 	Keypress: down
64.2459 	EXP 	fixation: autoDraw = False
64.2459 	EXP 	gabor: autoDraw = False
64.2459 	EXP 	gabor: color = '[ 1.  1.  1.] (rgb)'
64.2459 	EXP 	fixation: autoDraw = True
64.7531 	EXP 	gabor: autoDraw = True
64.9429 	DATA 	Keypress: up
64.9532 	EXP 	fixation: autoDraw = False
64.9532 	EXP 	gabor: autoDraw = False
64.9532 	EXP 	gabor: color = '[ 1.  1.  1.] (rgb)'
64.9532 	EXP 	fixation: autoDraw = True
65.4605 	EXP 	gabor: autoDraw = True
65.6475 	DATA 	Keypress: up
65.6607 	EXP 	fixation: autoDraw = False
65.6607 	EXP 	gabor: autoDraw = False
65.6607 	EXP 	gabor: color = '[ 1.  1.  1.] (rgb)'
65.6607 	EXP 	fixation: autoDraw = True
66.1678 	EXP 	gabor: autoDraw = True
66.4350 	DATA 	Keypress: up
66.4478 	EXP 	fixation: autoDraw = False
66.4478 	EXP 	gabor: autoDraw = False
66.4478 	EXP 	gabor: color = '[ 0.39810717  0.39810717  0.39810717] (rgb)'
66.4478 	EXP 	fixation: autoDraw = True
66.9554 	EXP 	gabor: autoDraw = True
67.3160 	DATA 	Keypress: up
67.3291 	EXP 	fixation: autoDraw = False
67.3291 	EXP 	gabor: autoDraw = False
67.3291 	EXP 	gabor: color = '[ 0.39810717  0.39810717  0.39810717] (rgb)'
67.3291 	EXP 	fixation: autoDraw = True
67.8363 	EXP 	gabor: autoDraw = True
68.1167 	DATA 	Keypress: up
68.1299 	EXP 	fixation: autoDraw = False
68.1299 	EXP 	gabor: autoDraw = False
68.1299 	EXP 	gabor: color = '[ 0.39810717  0.39810717  0.39810717] (rgb)'
68.1299 	EXP 	fixation: autoDraw = True
68.6371 	EXP 	gabor: autoDraw = True
68.8909 	DATA 	Keypress: up
68.9040 	EXP 	fixation: autoDraw = False
68.9040 	EXP 	gabor: autoDraw = False
68.9040 	EXP 	gabor: color = '[ 0.15848932  0.15848932  0.15848932] (rgb)'
68.9040 	EXP 	fixation: autoDraw = True
69.4113 	EXP 	gabor: autoDraw = True
69.7852 	DATA 	Keypress: up
69.7983 	EXP 	fixation: autoDraw = False
69.7983 	EXP 	gabor: autoDraw = False
69.7983 	EXP 	gabor: color = '[ 0.15848932  0.15848932  0.15848932] (rgb)'
69.7983 	EXP 	fixation: autoDraw = True
70.3055 	EXP 	gabor: autoDraw = True
70.5460 	DATA 	Keypress: up
70.5591 	EXP 	fixation: autoDraw = False
70.5591 	EXP 	gabor: autoDraw = False
70.5591 	EXP 	gabor: color = '[ 0.15848932  0.15848932  0.15848932] (rgb)'
70.5591 	EXP 	fixation: autoDraw = True
71.0664 	EXP 	gabor: autoDraw = True
71.3603 	DATA 	Keypress: up
71.3733 	EXP 	fixation: autoDraw = False
71.3733 	EXP 	gabor: autoDraw = False
71.3733 	EXP 	gabor: color = '[ 0.06309573  0.06309573  0.06309573] (rgb)'
71.3733 	EXP 	fixation: autoDraw = True
71.8805 	EXP 	gabor: autoDraw = True
72.2944 	DATA 	Keypress: up
72.3077 	EXP 	fixation: autoDraw = False
72.3077 	EXP 	gabor: autoDraw = False
72.3077 	EXP 	gabor: color = '[ 0.06309573  0.06309573  0.06309573] (rgb)'
72.3077 	EXP 	fixation: autoDraw = True
72.8164 	EXP 	gabor: autoDraw = True
73.1487 	DATA 	Keypress: up
73.1619 	EXP 	fixation: autoDraw = False
73.1619 	EXP 	gabor: autoDraw = False
73.1619 	EXP 	gabor: color = '[ 0.06309573  0.06309573  0.06309573] (rgb)'
73.1619 	EXP 	fixation: autoDraw = True
73.6690 	EXP 	gabor: autoDraw = True
73.9789 	DATA 	Keypress: up
73.9894 	EXP 	fixation: autoDraw = False
73.9894 	EXP 	gabor: autoDraw = False
73.9894 	EXP 	gabor: color = '[ 0.02511886  0.02511886  0.02511886] (rgb)'
73.9894 	EXP 	fixation: autoDraw = True
74.4966 	EXP 	gabor: autoDraw = True
74.9506 	DATA 	Keypress: up
74.9638 	EXP 	fixation: autoDraw = False
74.9638 	EXP 	gabor: autoDraw = False
74.9638 	EXP 	gabor: color = '[ 0.02511886  0.02511886  0.02511886] (rgb)'
74.9638 	EXP 	fixation: autoDraw = True
75.4711 	EXP 	gabor: autoDraw = True
75.8048 	DATA 	Keypress: up
75.8180 	EXP 	fixation: autoDraw = False
75.8180 	EXP 	gabor: autoDraw = False
75.8180 	EXP 	gabor: color = '[ 0.02511886  0.02511886  0.02511886] (rgb)'
75.8180 	EXP 	fixation: autoDraw = True
76.3252 	EXP 	gabor: autoDraw = True
76.7658 	DATA 	Keypress: up
76.7790 	EXP 	fixation: autoDraw = False
76.7790 	EXP 	gabor: autoDraw = False
76.7790 	EXP 	gabor: color = '[ 0.01  0.01  0.01] (rgb)'
76.7790 	EXP 	fixation: autoDraw = True
77.2862 	EXP 	gabor: autoDraw = True
77.7537 	DATA 	Keypress: up
77.7667 	EXP 	fixation: autoDraw = False
77.7667 	EXP 	gabor: autoDraw = False
77.7667 	EXP 	gabor: color = '[ 0.01  0.01  0.01] (rgb)'
77.7667 	EXP 	fixation: autoDraw = True
78.2739 	EXP 	gabor: autoDraw = True
78.7012 	DATA 	Keypress: up
78.7144 	EXP 	fixation: autoDraw = False
78.7144 	EXP 	gabor: autoDraw = False
78.7144 	EXP 	gabor: color = '[ 0.01  0.01  0.01] (rgb)'
78.7144 	EXP 	fixation: autoDraw = True
79.2082 	EXP 	gabor: autoDraw = True
79.7154 	EXP 	fixation: autoDraw = False
79.7154 	EXP 	gabor: autoDraw = False
79.7690 	DATA 	Keypress: up
79.7822 	EXP 	fixation: autoDraw = False
79.7822 	EXP 	gabor: autoDraw = False
79.7822 	EXP 	gabor: color = '[ 0.00398107  0.00398107  0.00398107] (rgb)'
79.7822 	EXP 	fixation: autoDraw = True
80.2894 	EXP 	gabor: autoDraw = True
80.7832 	EXP 	fixation: autoDraw = False
80.7832 	EXP 	gabor: autoDraw = False
80.8902 	DATA 	Keypress: up
80.9063 	EXP 	fixation: autoDraw = False
80.9063 	EXP 	gabor: autoDraw = False
80.9063 	EXP 	gabor: color = '[ 0.00398107  0.00398107  0.00398107] (rgb)'
80.9063 	EXP 	fixation: autoDraw = True
81.4105 	EXP 	gabor: autoDraw = True
81.9045 	EXP 	fixation: autoDraw = False
81.9045 	EXP 	gabor: autoDraw = False
81.9846 	DATA 	Keypress: up
81.9978 	EXP 	fixation: autoDraw = False
81.9978 	EXP 	gabor: autoDraw = False
81.9978 	EXP 	gabor: color = '[ 0.00398107  0.00398107  0.00398107] (rgb)'
81.9978 	EXP 	fixation: autoDraw = True
82.5051 	EXP 	gabor: autoDraw = True
82.9989 	EXP 	fixation: autoDraw = False
82.9989 	EXP 	gabor: autoDraw = False
83.1459 	DATA 	Keypress: up
83.1607 	EXP 	fixation: autoDraw = False
83.1607 	EXP 	gabor: autoDraw = False
83.1607 	EXP 	gabor: color = '[ 0.00158489  0.00158489  0.00158489] (rgb)'
83.1607 	EXP 	fixation: autoDraw = True
83.6662 	EXP 	gabor: autoDraw = True
84.1602 	EXP 	fixation: autoDraw = False
84.1602 	EXP 	gabor: autoDraw = False
84.3478 	DATA 	Keypress: up
84.3603 	EXP 	fixation: autoDraw = False
84.3603 	EXP 	gabor: autoDraw = False
84.3603 	EXP 	gabor: color = '[ 0.00158489  0.00158489  0.00158489] (rgb)'
84.3603 	EXP 	fixation: autoDraw = True
84.8675 	EXP 	gabor: autoDraw = True
85.3614 	EXP 	fixation: autoDraw = False
85.3614 	EXP 	gabor: autoDraw = False
85.7486 	DATA 	Keypress: up
85.7618 	EXP 	fixation: autoDraw = False
85.7618 	EXP 	gabor: autoDraw = False
85.7618 	EXP 	gabor: color = '[ 0.00158489  0.00158489  0.00158489] (rgb)'
85.7618 	EXP 	fixation: autoDraw = True
86.2690 	EXP 	gabor: autoDraw = True
86.7629 	EXP 	fixation: autoDraw = False
86.7629 	EXP 	gabor: autoDraw = False
86.9099 	DATA 	Keypress: up
86.9231 	EXP 	fixation: autoDraw = False
86.9231 	EXP 	gabor: autoDraw = False
86.9231 	EXP 	gabor: color = '[ 0.00063096  0.00063096  0.00063096] (rgb)'
86.9231 	EXP 	fixation: autoDraw = True
87.4302 	EXP 	gabor: autoDraw = True
87.9241 	EXP 	fixation: autoDraw = False
87.9241 	EXP 	gabor: autoDraw = False
88.2446 	DATA 	Keypress: down
88.2578 	EXP 	fixation: autoDraw = False
88.2578 	EXP 	gabor: autoDraw = False
88.2578 	EXP 	gabor: color = '[ 0.00158489  0.00158489  0.00158489] (rgb)'
88.2578 	EXP 	fixation: autoDraw = True
88.7650 	EXP 	gabor: autoDraw = True
89.2588 	EXP 	fixation: autoDraw = False
89.2588 	EXP 	gabor: autoDraw = False
89.7128 	DATA 	Keypress: up
89.7259 	EXP 	fixation: autoDraw = False
89.7259 	EXP 	gabor: autoDraw = False
89.7259 	EXP 	gabor: color = '[ 0.00158489  0.00158489  0.00158489] (rgb)'
89.7259 	EXP 	fixation: autoDraw = True
90.2332 	EXP 	gabor: autoDraw = True
90.7270 	EXP 	fixation: autoDraw = False
90.7270 	EXP 	gabor: autoDraw = False
91.1543 	DATA 	Keypress: up
91.1675 	EXP 	fixation: autoDraw = False
91.1675 	EXP 	gabor: autoDraw = False
91.1675 	EXP 	gabor: color = '[ 0.00158489  0.00158489  0.00158489] (rgb)'
91.1675 	EXP 	fixation: autoDraw = True
91.6747 	EXP 	gabor: autoDraw = True
92.1685 	EXP 	fixation: autoDraw = False
92.1685 	EXP 	gabor: autoDraw = False
92.7560 	DATA 	Keypress: up
92.7692 	EXP 	fixation: autoDraw = False
92.7692 	EXP 	gabor: autoDraw = False
92.7692 	EXP 	gabor: color = '[ 0.001  0.001  0.001] (rgb)'
92.7692 	EXP 	fixation: autoDraw = True
93.2764 	EXP 	gabor: autoDraw = True
93.7711 	EXP 	fixation: autoDraw = False
93.7711 	EXP 	gabor: autoDraw = False
94.4511 	DATA 	Keypress: down
