1.3720 	WARNING 	Movie2 stim could not be imported and won't be available
36.7898 	EXP 	Created window1 = Window(allowGUI=False, allowStencil=False, autoLog=True, bitsMode=UNKNOWN, blendMode='avg', color=array([ 0.,  0.,  0.]), colorSpace='rgb', fullscr=UNKNOWN, gamma=None, lms=UNKNOWN, monitor=<psychopy.monitors.calibTools.Monitor instance at 0x050E2468>, name='window1', pos=[0, 0], screen=0, size=array([3440, 1440]), stereo=False, units=u'norm', useFBO=True, viewOri=0.0, viewPos=None, viewScale=None, waitBlanking=True, winType='pyglet')
36.7898 	EXP 	window1: recordFrameIntervals = False
36.9227 	EXP 	window1: recordFrameIntervals = True
37.0696 	EXP 	window1: recordFrameIntervals = False
37.1857 	EXP 	Created instructions = TextStim(alignHoriz='center', alignVert='center', antialias=True, autoLog=True, bold=False, color=array([ 1.,  1.,  1.]), colorSpace='rgb', contrast=1.0, depth=0.0, flipHoriz=False, flipVert=False, font='Arial', fontFiles=[], height=0.1, italic=False, name='instructions', opacity=1.0, ori=0, pos=array([ 0.,  0.]), rgb=array([ 1.,  1.,  1.]), text=unicode(...), units=u'norm', win=Window(...), wrapWidth=1)
37.1876 	EXP 	Created fixation = GratingStim(autoDraw=False, autoLog=True, color=array([ 1.,  1.,  1.]), colorSpace='rgb', contrast=1.0, depth=0.0, interpolate=True, mask=None, maskParams=None, name='fixation', opacity=1.0, ori=0.0, phase=array([ 0.,  0.]), pos=array([ 0.,  0.]), rgbPedestal=array([ 0.,  0.,  0.]), sf=array([ 1.,  1.]), size=array([ 3.,  3.]), tex=None, texRes=128, units='pix', win=Window(...))
37.1908 	EXP 	Created gabor = GratingStim(autoDraw=False, autoLog=True, color=array([ 1.,  1.,  1.]), colorSpace='rgb', contrast=1.0, depth=-1.0, interpolate=True, mask='gauss', maskParams=None, name='gabor', opacity=1.0, ori=10.0, phase=array([ 1.,  1.]), pos=array([ 0.,  0.]), rgbPedestal=array([ 0.,  0.,  0.]), sf=array([ 0.1,  0.1]), size=array([ 128.,  128.]), tex='sin', texRes=128, units='pix', win=Window(...))
37.2029 	EXP 	instructions: autoDraw = True
41.8480 	DATA 	Keypress: space
41.8611 	EXP 	instructions: autoDraw = False
41.8611 	EXP 	gabor: color = '[ 0.5  0.5  0.5] (rgb)'
41.8611 	EXP 	fixation: autoDraw = True
42.3684 	EXP 	gabor: autoDraw = True
42.8622 	EXP 	fixation: autoDraw = False
42.8622 	EXP 	gabor: autoDraw = False
43.1026 	DATA 	Keypress: up
43.1158 	EXP 	fixation: autoDraw = False
43.1158 	EXP 	gabor: autoDraw = False
43.1158 	EXP 	gabor: color = '[ 0.07924466  0.07924466  0.07924466] (rgb)'
43.1158 	EXP 	fixation: autoDraw = True
43.6230 	EXP 	gabor: autoDraw = True
44.0637 	DATA 	Keypress: up
44.0769 	EXP 	fixation: autoDraw = False
44.0769 	EXP 	gabor: autoDraw = False
44.0769 	EXP 	gabor: color = '[ 0.01255943  0.01255943  0.01255943] (rgb)'
44.0769 	EXP 	fixation: autoDraw = True
44.5841 	EXP 	gabor: autoDraw = True
45.0779 	EXP 	fixation: autoDraw = False
45.0779 	EXP 	gabor: autoDraw = False
45.2916 	DATA 	Keypress: up
45.3048 	EXP 	fixation: autoDraw = False
45.3048 	EXP 	gabor: autoDraw = False
45.3048 	EXP 	gabor: color = '[ 0.00199054  0.00199054  0.00199054] (rgb)'
45.3048 	EXP 	fixation: autoDraw = True
45.8120 	EXP 	gabor: autoDraw = True
46.3058 	EXP 	fixation: autoDraw = False
46.3058 	EXP 	gabor: autoDraw = False
47.8008 	EXP 	fixation: autoDraw = False
47.8008 	EXP 	gabor: autoDraw = False
47.8008 	EXP 	gabor: color = '[ 0.01255943  0.01255943  0.01255943] (rgb)'
47.8008 	EXP 	fixation: autoDraw = True
48.3079 	EXP 	gabor: autoDraw = True
48.8018 	EXP 	fixation: autoDraw = False
48.8018 	EXP 	gabor: autoDraw = False
49.2024 	DATA 	Keypress: up
49.2156 	EXP 	fixation: autoDraw = False
49.2156 	EXP 	gabor: autoDraw = False
49.2156 	EXP 	gabor: color = '[ 0.01255943  0.01255943  0.01255943] (rgb)'
49.2156 	EXP 	fixation: autoDraw = True
49.7227 	EXP 	gabor: autoDraw = True
50.2169 	EXP 	fixation: autoDraw = False
50.2169 	EXP 	gabor: autoDraw = False
50.3639 	DATA 	Keypress: up
50.3771 	EXP 	fixation: autoDraw = False
50.3771 	EXP 	gabor: autoDraw = False
50.3771 	EXP 	gabor: color = '[ 0.01255943  0.01255943  0.01255943] (rgb)'
50.3771 	EXP 	fixation: autoDraw = True
50.8843 	EXP 	gabor: autoDraw = True
51.3781 	EXP 	fixation: autoDraw = False
51.3781 	EXP 	gabor: autoDraw = False
51.5518 	DATA 	Keypress: up
51.5650 	EXP 	fixation: autoDraw = False
51.5650 	EXP 	gabor: autoDraw = False
51.5650 	EXP 	gabor: color = '[ 0.005  0.005  0.005] (rgb)'
51.5650 	EXP 	fixation: autoDraw = True
52.0722 	EXP 	gabor: autoDraw = True
52.5661 	EXP 	fixation: autoDraw = False
52.5661 	EXP 	gabor: autoDraw = False
54.0609 	EXP 	fixation: autoDraw = False
54.0609 	EXP 	gabor: autoDraw = False
54.0609 	EXP 	gabor: color = '[ 0.01255943  0.01255943  0.01255943] (rgb)'
54.0609 	EXP 	fixation: autoDraw = True
54.5681 	EXP 	gabor: autoDraw = True
55.0620 	EXP 	fixation: autoDraw = False
55.0620 	EXP 	gabor: autoDraw = False
55.2757 	DATA 	Keypress: up
55.2889 	EXP 	fixation: autoDraw = False
55.2889 	EXP 	gabor: autoDraw = False
55.2889 	EXP 	gabor: color = '[ 0.01255943  0.01255943  0.01255943] (rgb)'
55.2889 	EXP 	fixation: autoDraw = True
55.7962 	EXP 	gabor: autoDraw = True
56.2900 	EXP 	fixation: autoDraw = False
56.2900 	EXP 	gabor: autoDraw = False
56.9708 	DATA 	Keypress: up
56.9840 	EXP 	fixation: autoDraw = False
56.9840 	EXP 	gabor: autoDraw = False
56.9840 	EXP 	gabor: color = '[ 0.01255943  0.01255943  0.01255943] (rgb)'
56.9840 	EXP 	fixation: autoDraw = True
57.4912 	EXP 	gabor: autoDraw = True
57.9851 	EXP 	fixation: autoDraw = False
57.9851 	EXP 	gabor: autoDraw = False
58.2122 	DATA 	Keypress: up
58.2253 	EXP 	fixation: autoDraw = False
58.2253 	EXP 	gabor: autoDraw = False
58.2253 	EXP 	gabor: color = '[ 0.00792447  0.00792447  0.00792447] (rgb)'
58.2253 	EXP 	fixation: autoDraw = True
58.7325 	EXP 	gabor: autoDraw = True
59.2264 	EXP 	fixation: autoDraw = False
59.2264 	EXP 	gabor: autoDraw = False
60.7213 	EXP 	fixation: autoDraw = False
60.7213 	EXP 	gabor: autoDraw = False
60.7213 	EXP 	gabor: color = '[ 0.01255943  0.01255943  0.01255943] (rgb)'
60.7213 	EXP 	fixation: autoDraw = True
61.2285 	EXP 	gabor: autoDraw = True
61.6825 	DATA 	Keypress: up
61.6957 	EXP 	fixation: autoDraw = False
61.6957 	EXP 	gabor: autoDraw = False
61.6957 	EXP 	gabor: color = '[ 0.01255943  0.01255943  0.01255943] (rgb)'
61.6957 	EXP 	fixation: autoDraw = True
62.2028 	EXP 	gabor: autoDraw = True
62.6967 	EXP 	fixation: autoDraw = False
62.6967 	EXP 	gabor: autoDraw = False
63.0171 	DATA 	Keypress: up
63.0304 	EXP 	fixation: autoDraw = False
63.0304 	EXP 	gabor: autoDraw = False
63.0304 	EXP 	gabor: color = '[ 0.01255943  0.01255943  0.01255943] (rgb)'
63.0304 	EXP 	fixation: autoDraw = True
63.5376 	EXP 	gabor: autoDraw = True
64.0314 	EXP 	fixation: autoDraw = False
64.0314 	EXP 	gabor: autoDraw = False
64.0716 	DATA 	Keypress: up
64.0848 	EXP 	fixation: autoDraw = False
64.0848 	EXP 	gabor: autoDraw = False
64.0848 	EXP 	gabor: color = '[ 0.00792447  0.00792447  0.00792447] (rgb)'
64.0848 	EXP 	fixation: autoDraw = True
64.5920 	EXP 	gabor: autoDraw = True
65.0859 	EXP 	fixation: autoDraw = False
65.0859 	EXP 	gabor: autoDraw = False
66.5808 	EXP 	fixation: autoDraw = False
66.5808 	EXP 	gabor: autoDraw = False
66.5808 	EXP 	gabor: color = '[ 0.01255943  0.01255943  0.01255943] (rgb)'
66.5808 	EXP 	fixation: autoDraw = True
67.0880 	EXP 	gabor: autoDraw = True
67.5818 	EXP 	fixation: autoDraw = False
67.5818 	EXP 	gabor: autoDraw = False
67.8356 	DATA 	Keypress: up
67.8488 	EXP 	fixation: autoDraw = False
67.8488 	EXP 	gabor: autoDraw = False
67.8488 	EXP 	gabor: color = '[ 0.01255943  0.01255943  0.01255943] (rgb)'
67.8488 	EXP 	fixation: autoDraw = True
68.3560 	EXP 	gabor: autoDraw = True
68.8498 	EXP 	fixation: autoDraw = False
68.8498 	EXP 	gabor: autoDraw = False
70.3447 	EXP 	fixation: autoDraw = False
70.3447 	EXP 	gabor: autoDraw = False
70.3447 	EXP 	gabor: color = '[ 0.01990536  0.01990536  0.01990536] (rgb)'
70.3447 	EXP 	fixation: autoDraw = True
70.8519 	EXP 	gabor: autoDraw = True
70.8788 	DATA 	Keypress: up
70.8919 	EXP 	fixation: autoDraw = False
70.8919 	EXP 	gabor: autoDraw = False
70.8919 	EXP 	gabor: color = '[ 0.01990536  0.01990536  0.01990536] (rgb)'
70.8919 	EXP 	fixation: autoDraw = True
71.3992 	EXP 	gabor: autoDraw = True
71.8930 	EXP 	fixation: autoDraw = False
71.8930 	EXP 	gabor: autoDraw = False
73.3879 	EXP 	fixation: autoDraw = False
73.3879 	EXP 	gabor: autoDraw = False
73.3879 	EXP 	gabor: color = '[ 0.03154787  0.03154787  0.03154787] (rgb)'
73.3879 	EXP 	fixation: autoDraw = True
73.8951 	EXP 	gabor: autoDraw = True
74.2957 	DATA 	Keypress: up
74.3089 	EXP 	fixation: autoDraw = False
74.3089 	EXP 	gabor: autoDraw = False
74.3089 	EXP 	gabor: color = '[ 0.03154787  0.03154787  0.03154787] (rgb)'
74.3089 	EXP 	fixation: autoDraw = True
74.8161 	EXP 	gabor: autoDraw = True
75.3100 	EXP 	fixation: autoDraw = False
75.3100 	EXP 	gabor: autoDraw = False
76.8048 	EXP 	fixation: autoDraw = False
76.8048 	EXP 	gabor: autoDraw = False
76.8048 	EXP 	gabor: color = '[ 0.05  0.05  0.05] (rgb)'
76.8048 	EXP 	fixation: autoDraw = True
76.8852 	DATA 	Keypress: up
77.3121 	EXP 	gabor: autoDraw = True
77.8059 	EXP 	fixation: autoDraw = False
77.8059 	EXP 	gabor: autoDraw = False
79.3008 	EXP 	fixation: autoDraw = False
79.3008 	EXP 	gabor: autoDraw = False
79.3008 	EXP 	gabor: color = '[ 0.07924466  0.07924466  0.07924466] (rgb)'
79.3008 	EXP 	fixation: autoDraw = True
79.4744 	DATA 	Keypress: up
79.8080 	EXP 	gabor: autoDraw = True
80.3019 	EXP 	fixation: autoDraw = False
80.3019 	EXP 	gabor: autoDraw = False
81.7968 	EXP 	fixation: autoDraw = False
81.7968 	EXP 	gabor: autoDraw = False
81.7968 	EXP 	gabor: color = '[ 0.12559432  0.12559432  0.12559432] (rgb)'
81.7968 	EXP 	fixation: autoDraw = True
82.3040 	EXP 	gabor: autoDraw = True
82.6645 	DATA 	Keypress: up
82.6777 	EXP 	fixation: autoDraw = False
82.6777 	EXP 	gabor: autoDraw = False
82.6777 	EXP 	gabor: color = '[ 0.12559432  0.12559432  0.12559432] (rgb)'
82.6777 	EXP 	fixation: autoDraw = True
83.1849 	EXP 	gabor: autoDraw = True
83.6788 	EXP 	fixation: autoDraw = False
83.6788 	EXP 	gabor: autoDraw = False
83.8257 	DATA 	Keypress: up
83.8389 	EXP 	fixation: autoDraw = False
83.8389 	EXP 	gabor: autoDraw = False
83.8389 	EXP 	gabor: color = '[ 0.12559432  0.12559432  0.12559432] (rgb)'
83.8389 	EXP 	fixation: autoDraw = True
84.3461 	EXP 	gabor: autoDraw = True
84.7334 	DATA 	Keypress: up
84.7465 	EXP 	fixation: autoDraw = False
84.7465 	EXP 	gabor: autoDraw = False
84.7465 	EXP 	gabor: color = '[ 0.07924466  0.07924466  0.07924466] (rgb)'
84.7465 	EXP 	fixation: autoDraw = True
85.2537 	EXP 	gabor: autoDraw = True
85.6146 	DATA 	Keypress: up
85.6408 	EXP 	fixation: autoDraw = False
85.6408 	EXP 	gabor: autoDraw = False
85.6408 	EXP 	gabor: color = '[ 0.07924466  0.07924466  0.07924466] (rgb)'
85.6408 	EXP 	fixation: autoDraw = True
86.1480 	EXP 	gabor: autoDraw = True
86.5352 	DATA 	Keypress: up
86.5484 	EXP 	fixation: autoDraw = False
86.5484 	EXP 	gabor: autoDraw = False
86.5484 	EXP 	gabor: color = '[ 0.07924466  0.07924466  0.07924466] (rgb)'
86.5484 	EXP 	fixation: autoDraw = True
87.0556 	EXP 	gabor: autoDraw = True
87.4429 	DATA 	Keypress: up
