1.3581 	WARNING 	Movie2 stim could not be imported and won't be available
10.6441 	EXP 	Created window1 = Window(allowGUI=False, allowStencil=False, autoLog=True, bitsMode=UNKNOWN, blendMode='avg', color=array([ 0.,  0.,  0.]), colorSpace='rgb', fullscr=UNKNOWN, gamma=None, lms=UNKNOWN, monitor=<psychopy.monitors.calibTools.Monitor instance at 0x05302468>, name='window1', pos=[0, 0], screen=0, size=array([3440, 1440]), stereo=False, units=u'norm', useFBO=True, viewOri=0.0, viewPos=None, viewScale=None, waitBlanking=True, winType='pyglet')
10.6441 	EXP 	window1: recordFrameIntervals = False
10.7769 	EXP 	window1: recordFrameIntervals = True
10.9239 	EXP 	window1: recordFrameIntervals = False
11.0397 	EXP 	Created instructions = TextStim(alignHoriz='center', alignVert='center', antialias=True, autoLog=True, bold=False, color=array([ 1.,  1.,  1.]), colorSpace='rgb', contrast=1.0, depth=0.0, flipHoriz=False, flipVert=False, font='Arial', fontFiles=[], height=0.1, italic=False, name='instructions', opacity=1.0, ori=0, pos=array([ 0.,  0.]), rgb=array([ 1.,  1.,  1.]), text=unicode(...), units=u'norm', win=Window(...), wrapWidth=1)
11.0416 	EXP 	Created fixation = GratingStim(autoDraw=False, autoLog=True, color=array([ 1.,  1.,  1.]), colorSpace='rgb', contrast=1.0, depth=0.0, interpolate=True, mask=None, maskParams=None, name='fixation', opacity=1.0, ori=0.0, phase=array([ 0.,  0.]), pos=array([ 0.,  0.]), rgbPedestal=array([ 0.,  0.,  0.]), sf=array([ 1.,  1.]), size=array([ 3.,  3.]), tex=None, texRes=128, units='pix', win=Window(...))
11.0448 	EXP 	Created gabor = GratingStim(autoDraw=False, autoLog=True, color=array([ 1.,  1.,  1.]), colorSpace='rgb', contrast=1.0, depth=-1.0, interpolate=True, mask='gauss', maskParams=None, name='gabor', opacity=1.0, ori=10.0, phase=array([ 1.,  1.]), pos=array([ 0.,  0.]), rgbPedestal=array([ 0.,  0.,  0.]), sf=array([ 0.1,  0.1]), size=array([ 128.,  128.]), tex='sin', texRes=128, units='pix', win=Window(...))
11.0572 	EXP 	instructions: autoDraw = True
13.5667 	DATA 	Keypress: up
13.5798 	EXP 	instructions: autoDraw = False
13.5798 	EXP 	gabor: color = '[ 0.5  0.5  0.5] (rgb)'
13.5798 	EXP 	fixation: autoDraw = True
14.0870 	EXP 	gabor: autoDraw = True
14.3675 	DATA 	Keypress: up
14.3807 	EXP 	fixation: autoDraw = False
14.3807 	EXP 	gabor: autoDraw = False
14.3807 	EXP 	gabor: color = '[ 0.07924466  0.07924466  0.07924466] (rgb)'
14.3807 	EXP 	fixation: autoDraw = True
14.8879 	EXP 	gabor: autoDraw = True
15.2217 	DATA 	Keypress: up
15.2349 	EXP 	fixation: autoDraw = False
15.2349 	EXP 	gabor: autoDraw = False
15.2349 	EXP 	gabor: color = '[ 0.01255943  0.01255943  0.01255943] (rgb)'
15.2349 	EXP 	fixation: autoDraw = True
15.7421 	EXP 	gabor: autoDraw = True
16.1695 	DATA 	Keypress: up
16.1826 	EXP 	fixation: autoDraw = False
16.1826 	EXP 	gabor: autoDraw = False
16.1826 	EXP 	gabor: color = '[ 0.00199054  0.00199054  0.00199054] (rgb)'
16.1826 	EXP 	fixation: autoDraw = True
16.6897 	EXP 	gabor: autoDraw = True
17.1037 	DATA 	Keypress: down
17.1038 	DATA 	Keypress: up
17.1169 	EXP 	fixation: autoDraw = False
17.1169 	EXP 	gabor: autoDraw = False
17.1169 	EXP 	gabor: color = '[ 0.00031548  0.00031548  0.00031548] (rgb)'
17.1169 	EXP 	fixation: autoDraw = True
17.6241 	EXP 	gabor: autoDraw = True
18.1179 	EXP 	fixation: autoDraw = False
18.1179 	EXP 	gabor: autoDraw = False
18.3583 	DATA 	Keypress: up
18.3716 	EXP 	fixation: autoDraw = False
18.3716 	EXP 	gabor: autoDraw = False
18.3716 	EXP 	gabor: color = '[  5.00000000e-05   5.00000000e-05   5.00000000e-05] (rgb)'
18.3716 	EXP 	fixation: autoDraw = True
18.8788 	EXP 	gabor: autoDraw = True
19.3726 	EXP 	fixation: autoDraw = False
19.3726 	EXP 	gabor: autoDraw = False
19.4261 	DATA 	Keypress: down
19.4393 	EXP 	fixation: autoDraw = False
19.4393 	EXP 	gabor: autoDraw = False
19.4393 	EXP 	gabor: color = '[ 0.00031548  0.00031548  0.00031548] (rgb)'
19.4393 	EXP 	fixation: autoDraw = True
19.9465 	EXP 	gabor: autoDraw = True
20.4404 	EXP 	fixation: autoDraw = False
20.4404 	EXP 	gabor: autoDraw = False
20.6140 	DATA 	Keypress: down
20.6272 	EXP 	fixation: autoDraw = False
20.6272 	EXP 	gabor: autoDraw = False
20.6272 	EXP 	gabor: color = '[ 0.00199054  0.00199054  0.00199054] (rgb)'
20.6272 	EXP 	fixation: autoDraw = True
21.1344 	EXP 	gabor: autoDraw = True
21.6283 	EXP 	fixation: autoDraw = False
21.6283 	EXP 	gabor: autoDraw = False
21.8687 	DATA 	Keypress: up
21.8819 	EXP 	fixation: autoDraw = False
21.8819 	EXP 	gabor: autoDraw = False
21.8819 	EXP 	gabor: color = '[ 0.00199054  0.00199054  0.00199054] (rgb)'
21.8819 	EXP 	fixation: autoDraw = True
22.3891 	EXP 	gabor: autoDraw = True
22.8829 	EXP 	fixation: autoDraw = False
22.8829 	EXP 	gabor: autoDraw = False
23.1501 	DATA 	Keypress: up
23.1632 	EXP 	fixation: autoDraw = False
23.1632 	EXP 	gabor: autoDraw = False
23.1632 	EXP 	gabor: color = '[ 0.00199054  0.00199054  0.00199054] (rgb)'
23.1632 	EXP 	fixation: autoDraw = True
23.6704 	EXP 	gabor: autoDraw = True
24.1643 	EXP 	fixation: autoDraw = False
24.1643 	EXP 	gabor: autoDraw = False
24.4047 	DATA 	Keypress: up
24.4179 	EXP 	fixation: autoDraw = False
24.4179 	EXP 	gabor: autoDraw = False
24.4179 	EXP 	gabor: color = '[ 0.00079245  0.00079245  0.00079245] (rgb)'
24.4179 	EXP 	fixation: autoDraw = True
24.9251 	EXP 	gabor: autoDraw = True
25.4190 	EXP 	fixation: autoDraw = False
25.4190 	EXP 	gabor: autoDraw = False
25.6594 	DATA 	Keypress: down
25.6725 	EXP 	fixation: autoDraw = False
25.6725 	EXP 	gabor: autoDraw = False
25.6725 	EXP 	gabor: color = '[ 0.00199054  0.00199054  0.00199054] (rgb)'
25.6725 	EXP 	fixation: autoDraw = True
26.1798 	EXP 	gabor: autoDraw = True
26.6736 	EXP 	fixation: autoDraw = False
26.6736 	EXP 	gabor: autoDraw = False
26.8339 	DATA 	Keypress: up
26.8471 	EXP 	fixation: autoDraw = False
26.8471 	EXP 	gabor: autoDraw = False
26.8471 	EXP 	gabor: color = '[ 0.00199054  0.00199054  0.00199054] (rgb)'
26.8471 	EXP 	fixation: autoDraw = True
27.3543 	EXP 	gabor: autoDraw = True
27.8482 	EXP 	fixation: autoDraw = False
27.8482 	EXP 	gabor: autoDraw = False
27.9551 	DATA 	Keypress: up
27.9683 	EXP 	fixation: autoDraw = False
27.9683 	EXP 	gabor: autoDraw = False
27.9683 	EXP 	gabor: color = '[ 0.00199054  0.00199054  0.00199054] (rgb)'
27.9683 	EXP 	fixation: autoDraw = True
28.4755 	EXP 	gabor: autoDraw = True
28.9693 	EXP 	fixation: autoDraw = False
28.9693 	EXP 	gabor: autoDraw = False
28.9829 	DATA 	Keypress: up
28.9960 	EXP 	fixation: autoDraw = False
28.9960 	EXP 	gabor: autoDraw = False
28.9960 	EXP 	gabor: color = '[ 0.00125594  0.00125594  0.00125594] (rgb)'
28.9960 	EXP 	fixation: autoDraw = True
29.5032 	EXP 	gabor: autoDraw = True
29.9971 	EXP 	fixation: autoDraw = False
29.9971 	EXP 	gabor: autoDraw = False
29.9972 	DATA 	Keypress: up
30.0104 	EXP 	fixation: autoDraw = False
30.0104 	EXP 	gabor: autoDraw = False
30.0104 	EXP 	gabor: color = '[ 0.00125594  0.00125594  0.00125594] (rgb)'
30.0104 	EXP 	fixation: autoDraw = True
30.5177 	EXP 	gabor: autoDraw = True
31.0115 	EXP 	fixation: autoDraw = False
31.0115 	EXP 	gabor: autoDraw = False
31.0918 	DATA 	Keypress: up
31.1049 	EXP 	fixation: autoDraw = False
31.1049 	EXP 	gabor: autoDraw = False
31.1049 	EXP 	gabor: color = '[ 0.00125594  0.00125594  0.00125594] (rgb)'
31.1049 	EXP 	fixation: autoDraw = True
31.6121 	EXP 	gabor: autoDraw = True
32.1060 	EXP 	fixation: autoDraw = False
32.1060 	EXP 	gabor: autoDraw = False
32.1729 	DATA 	Keypress: up
32.1861 	EXP 	fixation: autoDraw = False
32.1861 	EXP 	gabor: autoDraw = False
32.1861 	EXP 	gabor: color = '[ 0.00079245  0.00079245  0.00079245] (rgb)'
32.1861 	EXP 	fixation: autoDraw = True
32.6933 	EXP 	gabor: autoDraw = True
33.1872 	EXP 	fixation: autoDraw = False
33.1872 	EXP 	gabor: autoDraw = False
33.3341 	DATA 	Keypress: up
33.3473 	EXP 	fixation: autoDraw = False
33.3473 	EXP 	gabor: autoDraw = False
33.3473 	EXP 	gabor: color = '[ 0.00079245  0.00079245  0.00079245] (rgb)'
33.3473 	EXP 	fixation: autoDraw = True
33.8545 	EXP 	gabor: autoDraw = True
34.3484 	EXP 	fixation: autoDraw = False
34.3484 	EXP 	gabor: autoDraw = False
34.3886 	DATA 	Keypress: down
34.4018 	EXP 	fixation: autoDraw = False
34.4018 	EXP 	gabor: autoDraw = False
34.4018 	EXP 	gabor: color = '[ 0.00125594  0.00125594  0.00125594] (rgb)'
34.4018 	EXP 	fixation: autoDraw = True
34.9089 	EXP 	gabor: autoDraw = True
35.4028 	EXP 	fixation: autoDraw = False
35.4028 	EXP 	gabor: autoDraw = False
35.6699 	DATA 	Keypress: up
35.6831 	EXP 	fixation: autoDraw = False
35.6831 	EXP 	gabor: autoDraw = False
35.6831 	EXP 	gabor: color = '[ 0.00125594  0.00125594  0.00125594] (rgb)'
35.6831 	EXP 	fixation: autoDraw = True
36.1904 	EXP 	gabor: autoDraw = True
36.6841 	EXP 	fixation: autoDraw = False
36.6841 	EXP 	gabor: autoDraw = False
37.0046 	DATA 	Keypress: down
37.0179 	EXP 	fixation: autoDraw = False
37.0179 	EXP 	gabor: autoDraw = False
37.0179 	EXP 	gabor: color = '[ 0.00199054  0.00199054  0.00199054] (rgb)'
37.0179 	EXP 	fixation: autoDraw = True
37.5250 	EXP 	gabor: autoDraw = True
38.0189 	EXP 	fixation: autoDraw = False
38.0189 	EXP 	gabor: autoDraw = False
38.3661 	DATA 	Keypress: up
38.3792 	EXP 	fixation: autoDraw = False
38.3792 	EXP 	gabor: autoDraw = False
38.3792 	EXP 	gabor: color = '[ 0.00199054  0.00199054  0.00199054] (rgb)'
38.3792 	EXP 	fixation: autoDraw = True
38.8865 	EXP 	gabor: autoDraw = True
39.3672 	DATA 	Keypress: up
39.3803 	EXP 	fixation: autoDraw = False
39.3803 	EXP 	gabor: autoDraw = False
39.3803 	EXP 	fixation: autoDraw = False
39.3803 	EXP 	gabor: autoDraw = False
39.3803 	EXP 	gabor: color = '[ 0.00199054  0.00199054  0.00199054] (rgb)'
39.3803 	EXP 	fixation: autoDraw = True
39.8875 	EXP 	gabor: autoDraw = True
40.3813 	EXP 	fixation: autoDraw = False
40.3813 	EXP 	gabor: autoDraw = False
40.6885 	DATA 	Keypress: up
40.7017 	EXP 	fixation: autoDraw = False
40.7017 	EXP 	gabor: autoDraw = False
40.7017 	EXP 	gabor: color = '[ 0.00125594  0.00125594  0.00125594] (rgb)'
40.7017 	EXP 	fixation: autoDraw = True
41.2089 	EXP 	gabor: autoDraw = True
41.7028 	EXP 	fixation: autoDraw = False
41.7028 	EXP 	gabor: autoDraw = False
41.9966 	DATA 	Keypress: down
42.0098 	EXP 	fixation: autoDraw = False
42.0098 	EXP 	gabor: autoDraw = False
42.0098 	EXP 	gabor: color = '[ 0.00199054  0.00199054  0.00199054] (rgb)'
42.0098 	EXP 	fixation: autoDraw = True
42.5170 	EXP 	gabor: autoDraw = True
43.0108 	EXP 	fixation: autoDraw = False
43.0108 	EXP 	gabor: autoDraw = False
43.0777 	DATA 	Keypress: up
43.0908 	EXP 	fixation: autoDraw = False
43.0908 	EXP 	gabor: autoDraw = False
43.0908 	EXP 	gabor: color = '[ 0.00199054  0.00199054  0.00199054] (rgb)'
43.0908 	EXP 	fixation: autoDraw = True
43.5981 	EXP 	gabor: autoDraw = True
44.0919 	EXP 	fixation: autoDraw = False
44.0919 	EXP 	gabor: autoDraw = False
44.1722 	DATA 	Keypress: up
44.1854 	EXP 	fixation: autoDraw = False
44.1854 	EXP 	gabor: autoDraw = False
44.1854 	EXP 	gabor: color = '[ 0.00199054  0.00199054  0.00199054] (rgb)'
44.1854 	EXP 	fixation: autoDraw = True
44.6925 	EXP 	gabor: autoDraw = True
45.1864 	EXP 	fixation: autoDraw = False
45.1864 	EXP 	gabor: autoDraw = False
45.2399 	DATA 	Keypress: up
45.2532 	EXP 	fixation: autoDraw = False
45.2532 	EXP 	gabor: autoDraw = False
45.2532 	EXP 	gabor: color = '[ 0.00125594  0.00125594  0.00125594] (rgb)'
45.2532 	EXP 	fixation: autoDraw = True
45.7603 	EXP 	gabor: autoDraw = True
46.2542 	EXP 	fixation: autoDraw = False
46.2542 	EXP 	gabor: autoDraw = False
46.4279 	DATA 	Keypress: up
46.4411 	EXP 	fixation: autoDraw = False
46.4411 	EXP 	gabor: autoDraw = False
46.4411 	EXP 	gabor: color = '[ 0.00125594  0.00125594  0.00125594] (rgb)'
46.4411 	EXP 	fixation: autoDraw = True
46.9483 	EXP 	gabor: autoDraw = True
47.4421 	EXP 	fixation: autoDraw = False
47.4421 	EXP 	gabor: autoDraw = False
47.5891 	DATA 	Keypress: up
