2.8732 	WARNING 	Movie2 stim could not be imported and won't be available
13.8692 	EXP 	Created window1 = Window(allowGUI=False, allowStencil=False, autoLog=True, bitsMode=UNKNOWN, blendMode='avg', color=array([ 0.,  0.,  0.]), colorSpace='rgb', fullscr=UNKNOWN, gamma=None, lms=UNKNOWN, monitor=<psychopy.monitors.calibTools.Monitor instance at 0x04DFC468>, name='window1', pos=[0, 0], screen=0, size=array([3440, 1440]), stereo=False, units=u'norm', useFBO=True, viewOri=0.0, viewPos=None, viewScale=None, waitBlanking=True, winType='pyglet')
13.8692 	EXP 	window1: recordFrameIntervals = False
14.0020 	EXP 	window1: recordFrameIntervals = True
14.1490 	EXP 	window1: recordFrameIntervals = False
14.4343 	EXP 	Created instructions = TextStim(alignHoriz='center', alignVert='center', antialias=True, autoLog=True, bold=False, color=array([ 1.,  1.,  1.]), colorSpace='rgb', contrast=1.0, depth=0.0, flipHoriz=False, flipVert=False, font='Arial', fontFiles=[], height=0.1, italic=False, name='instructions', opacity=1.0, ori=0, pos=array([ 0.,  0.]), rgb=array([ 1.,  1.,  1.]), text=unicode(...), units=u'norm', win=Window(...), wrapWidth=1)
14.4372 	EXP 	Created fixation = GratingStim(autoDraw=False, autoLog=True, color=array([ 1.,  1.,  1.]), colorSpace='rgb', contrast=1.0, depth=0.0, interpolate=True, mask=None, maskParams=None, name='fixation', opacity=1.0, ori=0.0, phase=array([ 0.,  0.]), pos=array([ 0.,  0.]), rgbPedestal=array([ 0.,  0.,  0.]), sf=array([ 1.,  1.]), size=array([ 3.,  3.]), tex=None, texRes=128, units='pix', win=Window(...))
14.4416 	EXP 	Created gabor = GratingStim(autoDraw=False, autoLog=True, color=array([ 1.,  1.,  1.]), colorSpace='rgb', contrast=1.0, depth=-1.0, interpolate=True, mask='gauss', maskParams=None, name='gabor', opacity=1.0, ori=10.0, phase=array([ 1.,  1.]), pos=array([ 0.,  0.]), rgbPedestal=array([ 0.,  0.,  0.]), sf=array([ 0.1,  0.1]), size=array([ 128.,  128.]), tex='sin', texRes=128, units='pix', win=Window(...))
14.4561 	EXP 	instructions: autoDraw = True
42.3522 	DATA 	Keypress: space
42.3654 	EXP 	instructions: autoDraw = False
42.3654 	EXP 	gabor: color = '[ 0.5  0.5  0.5] (rgb)'
42.3654 	EXP 	fixation: autoDraw = True
42.8726 	EXP 	gabor: autoDraw = True
43.3665 	EXP 	fixation: autoDraw = False
43.3665 	EXP 	gabor: autoDraw = False
43.8471 	DATA 	Keypress: up
43.8603 	EXP 	fixation: autoDraw = False
43.8603 	EXP 	gabor: autoDraw = False
43.8603 	EXP 	gabor: color = '[ 0.07924466  0.07924466  0.07924466] (rgb)'
43.8603 	EXP 	fixation: autoDraw = True
44.3675 	EXP 	gabor: autoDraw = True
44.8614 	EXP 	fixation: autoDraw = False
44.8614 	EXP 	gabor: autoDraw = False
44.9016 	DATA 	Keypress: up
44.9148 	EXP 	fixation: autoDraw = False
44.9148 	EXP 	gabor: autoDraw = False
44.9148 	EXP 	gabor: color = '[ 0.01255943  0.01255943  0.01255943] (rgb)'
44.9148 	EXP 	fixation: autoDraw = True
45.4220 	EXP 	gabor: autoDraw = True
45.9158 	EXP 	fixation: autoDraw = False
45.9158 	EXP 	gabor: autoDraw = False
46.3031 	DATA 	Keypress: down
46.3162 	EXP 	fixation: autoDraw = False
46.3162 	EXP 	gabor: autoDraw = False
46.3162 	EXP 	gabor: color = '[ 0.07924466  0.07924466  0.07924466] (rgb)'
46.3162 	EXP 	fixation: autoDraw = True
46.8235 	EXP 	gabor: autoDraw = True
47.0639 	DATA 	Keypress: up
47.0770 	EXP 	fixation: autoDraw = False
47.0770 	EXP 	gabor: autoDraw = False
47.0770 	EXP 	gabor: color = '[ 0.07924466  0.07924466  0.07924466] (rgb)'
47.0770 	EXP 	fixation: autoDraw = True
47.5842 	EXP 	gabor: autoDraw = True
47.9448 	DATA 	Keypress: down
47.9580 	EXP 	fixation: autoDraw = False
47.9580 	EXP 	gabor: autoDraw = False
47.9580 	EXP 	gabor: color = '[ 0.5  0.5  0.5] (rgb)'
47.9580 	EXP 	fixation: autoDraw = True
48.4652 	EXP 	gabor: autoDraw = True
48.9590 	EXP 	fixation: autoDraw = False
48.9590 	EXP 	gabor: autoDraw = False
48.9992 	DATA 	Keypress: up
49.0124 	EXP 	fixation: autoDraw = False
49.0124 	EXP 	gabor: autoDraw = False
49.0124 	EXP 	gabor: color = '[ 0.5  0.5  0.5] (rgb)'
49.0124 	EXP 	fixation: autoDraw = True
49.5196 	EXP 	gabor: autoDraw = True
49.9736 	DATA 	Keypress: up
49.9868 	EXP 	fixation: autoDraw = False
49.9868 	EXP 	gabor: autoDraw = False
49.9868 	EXP 	gabor: color = '[ 0.5  0.5  0.5] (rgb)'
49.9868 	EXP 	fixation: autoDraw = True
50.4940 	EXP 	gabor: autoDraw = True
50.8278 	DATA 	Keypress: up
50.8410 	EXP 	fixation: autoDraw = False
50.8410 	EXP 	gabor: autoDraw = False
50.8410 	EXP 	gabor: color = '[ 0.19905359  0.19905359  0.19905359] (rgb)'
50.8410 	EXP 	fixation: autoDraw = True
51.3482 	EXP 	gabor: autoDraw = True
51.6687 	DATA 	Keypress: up
51.6819 	EXP 	fixation: autoDraw = False
51.6819 	EXP 	gabor: autoDraw = False
51.6819 	EXP 	gabor: color = '[ 0.19905359  0.19905359  0.19905359] (rgb)'
51.6819 	EXP 	fixation: autoDraw = True
52.1891 	EXP 	gabor: autoDraw = True
52.5764 	DATA 	Keypress: up
52.5895 	EXP 	fixation: autoDraw = False
52.5895 	EXP 	gabor: autoDraw = False
52.5895 	EXP 	gabor: color = '[ 0.19905359  0.19905359  0.19905359] (rgb)'
52.5895 	EXP 	fixation: autoDraw = True
53.0967 	EXP 	gabor: autoDraw = True
53.4840 	DATA 	Keypress: up
53.4971 	EXP 	fixation: autoDraw = False
53.4971 	EXP 	gabor: autoDraw = False
53.4971 	EXP 	gabor: color = '[ 0.07924466  0.07924466  0.07924466] (rgb)'
53.4971 	EXP 	fixation: autoDraw = True
54.0043 	EXP 	gabor: autoDraw = True
54.4049 	DATA 	Keypress: up
54.4181 	EXP 	fixation: autoDraw = False
54.4181 	EXP 	gabor: autoDraw = False
54.4181 	EXP 	gabor: color = '[ 0.07924466  0.07924466  0.07924466] (rgb)'
54.4181 	EXP 	fixation: autoDraw = True
54.9253 	EXP 	gabor: autoDraw = True
55.1524 	DATA 	Keypress: down
55.1656 	EXP 	fixation: autoDraw = False
55.1656 	EXP 	gabor: autoDraw = False
55.1656 	EXP 	gabor: color = '[ 0.19905359  0.19905359  0.19905359] (rgb)'
55.1656 	EXP 	fixation: autoDraw = True
55.6727 	EXP 	gabor: autoDraw = True
55.6863 	DATA 	Keypress: up
55.6994 	EXP 	fixation: autoDraw = False
55.6994 	EXP 	gabor: autoDraw = False
55.6994 	EXP 	gabor: color = '[ 0.19905359  0.19905359  0.19905359] (rgb)'
55.6994 	EXP 	fixation: autoDraw = True
56.2067 	EXP 	gabor: autoDraw = True
56.7005 	EXP 	fixation: autoDraw = False
56.7005 	EXP 	gabor: autoDraw = False
56.7674 	DATA 	Keypress: up
56.7806 	EXP 	fixation: autoDraw = False
56.7806 	EXP 	gabor: autoDraw = False
56.7806 	EXP 	gabor: color = '[ 0.19905359  0.19905359  0.19905359] (rgb)'
56.7806 	EXP 	fixation: autoDraw = True
57.2878 	EXP 	gabor: autoDraw = True
57.5953 	DATA 	Keypress: up
57.6215 	EXP 	fixation: autoDraw = False
57.6215 	EXP 	gabor: autoDraw = False
57.6215 	EXP 	gabor: color = '[ 0.12559432  0.12559432  0.12559432] (rgb)'
57.6215 	EXP 	fixation: autoDraw = True
58.1287 	EXP 	gabor: autoDraw = True
58.4225 	DATA 	Keypress: up
58.4357 	EXP 	fixation: autoDraw = False
58.4357 	EXP 	gabor: autoDraw = False
58.4357 	EXP 	gabor: color = '[ 0.12559432  0.12559432  0.12559432] (rgb)'
58.4357 	EXP 	fixation: autoDraw = True
58.9429 	EXP 	gabor: autoDraw = True
59.2901 	DATA 	Keypress: up
59.3032 	EXP 	fixation: autoDraw = False
59.3032 	EXP 	gabor: autoDraw = False
59.3032 	EXP 	gabor: color = '[ 0.12559432  0.12559432  0.12559432] (rgb)'
59.3032 	EXP 	fixation: autoDraw = True
59.8104 	EXP 	gabor: autoDraw = True
60.1042 	DATA 	Keypress: up
60.1174 	EXP 	fixation: autoDraw = False
60.1174 	EXP 	gabor: autoDraw = False
60.1174 	EXP 	gabor: color = '[ 0.07924466  0.07924466  0.07924466] (rgb)'
60.1174 	EXP 	fixation: autoDraw = True
60.6246 	EXP 	gabor: autoDraw = True
60.9585 	DATA 	Keypress: up
60.9717 	EXP 	fixation: autoDraw = False
60.9717 	EXP 	gabor: autoDraw = False
60.9717 	EXP 	gabor: color = '[ 0.07924466  0.07924466  0.07924466] (rgb)'
60.9717 	EXP 	fixation: autoDraw = True
61.4789 	EXP 	gabor: autoDraw = True
61.8928 	DATA 	Keypress: up
61.9060 	EXP 	fixation: autoDraw = False
61.9060 	EXP 	gabor: autoDraw = False
61.9060 	EXP 	gabor: color = '[ 0.07924466  0.07924466  0.07924466] (rgb)'
61.9060 	EXP 	fixation: autoDraw = True
62.4131 	EXP 	gabor: autoDraw = True
62.7336 	DATA 	Keypress: up
62.7469 	EXP 	fixation: autoDraw = False
62.7469 	EXP 	gabor: autoDraw = False
62.7469 	EXP 	gabor: color = '[ 0.05  0.05  0.05] (rgb)'
62.7469 	EXP 	fixation: autoDraw = True
63.2541 	EXP 	gabor: autoDraw = True
63.5884 	DATA 	Keypress: up
63.6011 	EXP 	fixation: autoDraw = False
63.6011 	EXP 	gabor: autoDraw = False
63.6011 	EXP 	gabor: color = '[ 0.05  0.05  0.05] (rgb)'
63.6011 	EXP 	fixation: autoDraw = True
64.1083 	EXP 	gabor: autoDraw = True
64.5089 	DATA 	Keypress: up
64.5220 	EXP 	fixation: autoDraw = False
64.5220 	EXP 	gabor: autoDraw = False
64.5220 	EXP 	gabor: color = '[ 0.05  0.05  0.05] (rgb)'
64.5220 	EXP 	fixation: autoDraw = True
65.0293 	EXP 	gabor: autoDraw = True
65.3365 	DATA 	Keypress: up
65.3496 	EXP 	fixation: autoDraw = False
65.3496 	EXP 	gabor: autoDraw = False
65.3496 	EXP 	gabor: color = '[ 0.03154787  0.03154787  0.03154787] (rgb)'
65.3496 	EXP 	fixation: autoDraw = True
65.8568 	EXP 	gabor: autoDraw = True
66.2708 	DATA 	Keypress: up
66.2840 	EXP 	fixation: autoDraw = False
66.2840 	EXP 	gabor: autoDraw = False
66.2840 	EXP 	gabor: color = '[ 0.03154787  0.03154787  0.03154787] (rgb)'
66.2840 	EXP 	fixation: autoDraw = True
66.7911 	EXP 	gabor: autoDraw = True
67.2718 	DATA 	Keypress: up
67.2850 	EXP 	fixation: autoDraw = False
67.2850 	EXP 	gabor: autoDraw = False
67.2850 	EXP 	fixation: autoDraw = False
67.2850 	EXP 	gabor: autoDraw = False
67.2850 	EXP 	gabor: color = '[ 0.03154787  0.03154787  0.03154787] (rgb)'
67.2850 	EXP 	fixation: autoDraw = True
67.7922 	EXP 	gabor: autoDraw = True
68.1928 	DATA 	Keypress: up
68.2060 	EXP 	fixation: autoDraw = False
68.2060 	EXP 	gabor: autoDraw = False
68.2060 	EXP 	gabor: color = '[ 0.01990536  0.01990536  0.01990536] (rgb)'
68.2060 	EXP 	fixation: autoDraw = True
68.7131 	EXP 	gabor: autoDraw = True
69.1938 	DATA 	Keypress: up
69.2070 	EXP 	fixation: autoDraw = False
69.2070 	EXP 	gabor: autoDraw = False
69.2070 	EXP 	fixation: autoDraw = False
69.2070 	EXP 	gabor: autoDraw = False
69.2070 	EXP 	gabor: color = '[ 0.01990536  0.01990536  0.01990536] (rgb)'
69.2070 	EXP 	fixation: autoDraw = True
69.7142 	EXP 	gabor: autoDraw = True
70.1414 	DATA 	Keypress: down
