1.3527 	WARNING 	Movie2 stim could not be imported and won't be available
7.3275 	EXP 	Created window1 = Window(allowGUI=False, allowStencil=False, autoLog=True, bitsMode=UNKNOWN, blendMode='avg', color=array([ 0.,  0.,  0.]), colorSpace='rgb', fullscr=UNKNOWN, gamma=None, lms=UNKNOWN, monitor=<psychopy.monitors.calibTools.Monitor instance at 0x03F8D2B0>, name='window1', pos=[0, 0], screen=0, size=array([3440, 1440]), stereo=False, units='deg', useFBO=True, viewOri=0.0, viewPos=None, viewScale=None, waitBlanking=True, winType='pyglet')
7.3275 	EXP 	window1: recordFrameIntervals = False
7.4603 	EXP 	window1: recordFrameIntervals = True
7.6072 	EXP 	window1: recordFrameIntervals = False
7.7247 	EXP 	Created instrText = TextStim(alignHoriz='center', alignVert='center', antialias=True, autoLog=True, bold=False, color='white', colorSpace='named', contrast=1.0, depth=0.0, flipHoriz=False, flipVert=False, font='Arial', fontFiles=[], height=1, italic=False, name='instrText', opacity=1.0, ori=0, pos=array([ 0.,  0.]), rgb=array([ 255.,  255.,  255.]), text=unicode(...), units='deg', win=Window(...), wrapWidth=15.0)
7.7282 	EXP 	Created grating = GratingStim(autoDraw=False, autoLog=True, color=array([ 1.,  1.,  1.]), colorSpace='rgb', contrast=1.0, depth=-2.0, interpolate=True, mask='gauss', maskParams=None, name='grating', opacity=1.0, ori=0.0, phase=array([ 0.,  0.]), pos=array([ 0.,  0.]), rgbPedestal=array([ 0.,  0.,  0.]), sf=array([ 1.,  1.]), size=array([ 4.,  4.]), tex='sin', texRes=128, units='deg', win=Window(...))
7.7303 	EXP 	Created fixation = GratingStim(autoDraw=False, autoLog=True, color='black', colorSpace='named', contrast=1.0, depth=-4.0, interpolate=True, mask='gauss', maskParams=None, name='fixation', opacity=1.0, ori=0.0, phase=array([ 0.,  0.]), pos=array([ 0.,  0.]), rgbPedestal=array([ 0.,  0.,  0.]), sf=array([ 1.,  1.]), size=array([ 1.,  1.]), tex=None, texRes=128, units='deg', win=Window(...))
7.7461 	EXP 	Created thanksMsg = TextStim(alignHoriz='center', alignVert='center', antialias=True, autoLog=True, bold=False, color=array([ 1.,  1.,  1.]), colorSpace='rgb', contrast=1.0, depth=0.0, flipHoriz=False, flipVert=False, font='Arial', fontFiles=[], height=0.1, italic=False, name='thanksMsg', opacity=1.0, ori=0, pos=array([ 0.,  0.]), rgb=array([ 1.,  1.,  1.]), text=u"You're done! Fun, wasn't it!? ;-)", units='deg', win=Window(...), wrapWidth=15.0)
7.7539 	EXP 	instrText: autoDraw = True
26.2402 	DATA 	Keypress: up
26.2469 	EXP 	Imported stairDefinitions.xlsx as conditions, 4 conditions, 6 params
26.2876 	EXP 	window1: recordFrameIntervals = False
26.2934 	EXP 	instrText: autoDraw = False
26.2934 	EXP 	grating: color = '[ 0.1  0.1  0.1] (rgb)'
26.2934 	EXP 	grating: pos = array([ 5.,  0.])
26.2934 	EXP 	grating: sf = array([ 2.,  2.])
26.2935 	EXP 	window1: recordFrameIntervals = False
26.5604 	EXP 	fixation: autoDraw = True
26.8006 	EXP 	grating: autoDraw = True
26.9340 	EXP 	grating: autoDraw = False
27.9086 	DATA 	Keypress: right
27.9096 	EXP 	window1: recordFrameIntervals = False
27.9217 	EXP 	grating: autoDraw = False
27.9217 	EXP 	fixation: autoDraw = False
27.9217 	EXP 	grating: color = '[ 0.1  0.1  0.1] (rgb)'
27.9217 	EXP 	grating: pos = array([ 5.,  0.])
27.9217 	EXP 	grating: sf = array([ 8.,  8.])
27.9218 	EXP 	window1: recordFrameIntervals = False
28.1887 	EXP 	fixation: autoDraw = True
28.4290 	EXP 	grating: autoDraw = True
28.5625 	EXP 	grating: autoDraw = False
29.3635 	DATA 	Keypress: right
29.3645 	EXP 	window1: recordFrameIntervals = False
29.3767 	EXP 	grating: autoDraw = False
29.3767 	EXP 	fixation: autoDraw = False
29.3767 	EXP 	grating: color = '[ 0.001  0.001  0.001] (rgb)'
29.3767 	EXP 	grating: pos = array([-5.,  0.])
29.3767 	EXP 	grating: sf = array([ 8.,  8.])
29.3767 	EXP 	window1: recordFrameIntervals = False
29.6436 	EXP 	fixation: autoDraw = True
29.8839 	EXP 	grating: autoDraw = True
30.0174 	EXP 	grating: autoDraw = False
31.4990 	DATA 	Keypress: left
31.5045 	EXP 	window1: recordFrameIntervals = False
31.5122 	EXP 	grating: autoDraw = False
31.5122 	EXP 	fixation: autoDraw = False
31.5122 	EXP 	grating: color = '[ 0.001  0.001  0.001] (rgb)'
31.5122 	EXP 	grating: pos = array([-5.,  0.])
31.5122 	EXP 	grating: sf = array([ 2.,  2.])
31.5122 	EXP 	window1: recordFrameIntervals = False
31.7792 	EXP 	fixation: autoDraw = True
32.0194 	EXP 	grating: autoDraw = True
32.1529 	EXP 	grating: autoDraw = False
33.2208 	DATA 	Keypress: right
33.2218 	EXP 	window1: recordFrameIntervals = False
33.2340 	EXP 	grating: autoDraw = False
33.2340 	EXP 	fixation: autoDraw = False
33.2340 	EXP 	grating: color = '[ 0.00063096  0.00063096  0.00063096] (rgb)'
33.2340 	EXP 	grating: pos = array([-5.,  0.])
33.2340 	EXP 	grating: sf = array([ 8.,  8.])
33.2341 	EXP 	window1: recordFrameIntervals = False
33.4877 	EXP 	fixation: autoDraw = True
33.7412 	EXP 	grating: autoDraw = True
33.8747 	EXP 	grating: autoDraw = False
34.6223 	DATA 	Keypress: right
34.6233 	EXP 	window1: recordFrameIntervals = False
34.6355 	EXP 	grating: autoDraw = False
34.6355 	EXP 	fixation: autoDraw = False
34.6355 	EXP 	grating: color = '[ 0.06309573  0.06309573  0.06309573] (rgb)'
34.6355 	EXP 	grating: pos = array([-5.,  0.])
34.6355 	EXP 	grating: sf = array([ 2.,  2.])
34.6355 	EXP 	window1: recordFrameIntervals = False
34.9024 	EXP 	fixation: autoDraw = True
35.1427 	EXP 	grating: autoDraw = True
35.2762 	EXP 	grating: autoDraw = False
36.1572 	DATA 	Keypress: left
36.1582 	EXP 	window1: recordFrameIntervals = False
36.1705 	EXP 	grating: autoDraw = False
36.1705 	EXP 	fixation: autoDraw = False
36.1705 	EXP 	grating: color = '[ 0.00158489  0.00158489  0.00158489] (rgb)'
36.1705 	EXP 	grating: pos = array([-5.,  0.])
36.1705 	EXP 	grating: sf = array([ 2.,  2.])
36.1705 	EXP 	window1: recordFrameIntervals = False
36.4374 	EXP 	fixation: autoDraw = True
36.6777 	EXP 	grating: autoDraw = True
36.8112 	EXP 	grating: autoDraw = False
38.5465 	DATA 	Keypress: right
38.5475 	EXP 	window1: recordFrameIntervals = False
38.5596 	EXP 	grating: autoDraw = False
38.5596 	EXP 	fixation: autoDraw = False
38.5596 	EXP 	grating: color = '[ 0.06309573  0.06309573  0.06309573] (rgb)'
38.5596 	EXP 	grating: pos = array([ 5.,  0.])
38.5596 	EXP 	grating: sf = array([ 8.,  8.])
38.5597 	EXP 	window1: recordFrameIntervals = False
38.8132 	EXP 	fixation: autoDraw = True
39.0668 	EXP 	grating: autoDraw = True
39.2003 	EXP 	grating: autoDraw = False
40.2282 	DATA 	Keypress: right
40.2292 	EXP 	window1: recordFrameIntervals = False
40.2414 	EXP 	grating: autoDraw = False
40.2414 	EXP 	fixation: autoDraw = False
40.2414 	EXP 	grating: color = '[ 0.00251189  0.00251189  0.00251189] (rgb)'
40.2414 	EXP 	grating: pos = array([-5.,  0.])
40.2414 	EXP 	grating: sf = array([ 2.,  2.])
40.2415 	EXP 	window1: recordFrameIntervals = False
40.4950 	EXP 	fixation: autoDraw = True
40.7486 	EXP 	grating: autoDraw = True
40.8821 	EXP 	grating: autoDraw = False
41.6163 	DATA 	Keypress: right
41.6173 	EXP 	window1: recordFrameIntervals = False
41.6295 	EXP 	grating: autoDraw = False
41.6295 	EXP 	fixation: autoDraw = False
41.6295 	EXP 	grating: color = '[ 0.03981072  0.03981072  0.03981072] (rgb)'
41.6295 	EXP 	grating: pos = array([-5.,  0.])
41.6295 	EXP 	grating: sf = array([ 2.,  2.])
41.6296 	EXP 	window1: recordFrameIntervals = False
41.8831 	EXP 	fixation: autoDraw = True
42.1367 	EXP 	grating: autoDraw = True
42.2702 	EXP 	grating: autoDraw = False
43.2313 	DATA 	Keypress: left
43.2324 	EXP 	window1: recordFrameIntervals = False
43.2445 	EXP 	grating: autoDraw = False
43.2445 	EXP 	fixation: autoDraw = False
43.2445 	EXP 	grating: color = '[ 0.00079433  0.00079433  0.00079433] (rgb)'
43.2445 	EXP 	grating: pos = array([ 5.,  0.])
43.2445 	EXP 	grating: sf = array([ 8.,  8.])
43.2446 	EXP 	window1: recordFrameIntervals = False
43.4981 	EXP 	fixation: autoDraw = True
43.7517 	EXP 	grating: autoDraw = True
43.8852 	EXP 	grating: autoDraw = False
44.8464 	DATA 	Keypress: right
44.8474 	EXP 	window1: recordFrameIntervals = False
44.8596 	EXP 	grating: autoDraw = False
44.8596 	EXP 	fixation: autoDraw = False
44.8596 	EXP 	grating: color = '[ 0.03981072  0.03981072  0.03981072] (rgb)'
44.8596 	EXP 	grating: pos = array([-5.,  0.])
44.8596 	EXP 	grating: sf = array([ 8.,  8.])
44.8596 	EXP 	window1: recordFrameIntervals = False
45.1132 	EXP 	fixation: autoDraw = True
45.3668 	EXP 	grating: autoDraw = True
45.5003 	EXP 	grating: autoDraw = False
46.5014 	DATA 	Keypress: left
46.5024 	EXP 	window1: recordFrameIntervals = False
46.5146 	EXP 	grating: autoDraw = False
46.5146 	EXP 	fixation: autoDraw = False
46.5146 	EXP 	grating: color = '[ 0.00398107  0.00398107  0.00398107] (rgb)'
46.5146 	EXP 	grating: pos = array([-5.,  0.])
46.5146 	EXP 	grating: sf = array([ 2.,  2.])
46.5147 	EXP 	window1: recordFrameIntervals = False
46.7816 	EXP 	fixation: autoDraw = True
47.0218 	EXP 	grating: autoDraw = True
47.1554 	EXP 	grating: autoDraw = False
48.0097 	DATA 	Keypress: left
48.0107 	EXP 	window1: recordFrameIntervals = False
48.0229 	EXP 	grating: autoDraw = False
48.0229 	EXP 	fixation: autoDraw = False
48.0229 	EXP 	grating: color = '[ 0.00079433  0.00079433  0.00079433] (rgb)'
48.0229 	EXP 	grating: pos = array([ 5.,  0.])
48.0229 	EXP 	grating: sf = array([ 8.,  8.])
48.0229 	EXP 	window1: recordFrameIntervals = False
48.2765 	EXP 	fixation: autoDraw = True
48.5301 	EXP 	grating: autoDraw = True
48.6635 	EXP 	grating: autoDraw = False
49.7449 	DATA 	Keypress: right
49.7459 	EXP 	window1: recordFrameIntervals = False
49.7581 	EXP 	grating: autoDraw = False
49.7581 	EXP 	fixation: autoDraw = False
49.7581 	EXP 	grating: color = '[ 0.02511886  0.02511886  0.02511886] (rgb)'
49.7581 	EXP 	grating: pos = array([-5.,  0.])
49.7581 	EXP 	grating: sf = array([ 2.,  2.])
49.7581 	EXP 	window1: recordFrameIntervals = False
50.0117 	EXP 	fixation: autoDraw = True
50.2652 	EXP 	grating: autoDraw = True
50.3987 	EXP 	grating: autoDraw = False
51.6268 	DATA 	Keypress: left
51.6278 	EXP 	window1: recordFrameIntervals = False
51.6400 	EXP 	grating: autoDraw = False
51.6400 	EXP 	fixation: autoDraw = False
51.6400 	EXP 	grating: color = '[ 0.02511886  0.02511886  0.02511886] (rgb)'
51.6400 	EXP 	grating: pos = array([-5.,  0.])
51.6400 	EXP 	grating: sf = array([ 8.,  8.])
51.6401 	EXP 	window1: recordFrameIntervals = False
51.8937 	EXP 	fixation: autoDraw = True
52.1472 	EXP 	grating: autoDraw = True
52.2807 	EXP 	grating: autoDraw = False
52.9482 	DATA 	Keypress: left
52.9492 	EXP 	window1: recordFrameIntervals = False
52.9614 	EXP 	grating: autoDraw = False
52.9614 	EXP 	fixation: autoDraw = False
52.9614 	EXP 	grating: color = '[ 0.01584893  0.01584893  0.01584893] (rgb)'
52.9614 	EXP 	grating: pos = array([ 5.,  0.])
52.9614 	EXP 	grating: sf = array([ 8.,  8.])
52.9615 	EXP 	window1: recordFrameIntervals = False
53.2284 	EXP 	fixation: autoDraw = True
53.4686 	EXP 	grating: autoDraw = True
53.6021 	EXP 	grating: autoDraw = False
54.2162 	DATA 	Keypress: left
54.2173 	EXP 	window1: recordFrameIntervals = False
54.2294 	EXP 	grating: autoDraw = False
54.2294 	EXP 	fixation: autoDraw = False
54.2294 	EXP 	grating: color = '[ 0.01584893  0.01584893  0.01584893] (rgb)'
54.2294 	EXP 	grating: pos = array([ 5.,  0.])
54.2294 	EXP 	grating: sf = array([ 2.,  2.])
54.2295 	EXP 	window1: recordFrameIntervals = False
54.4830 	EXP 	fixation: autoDraw = True
54.7366 	EXP 	grating: autoDraw = True
54.8701 	EXP 	grating: autoDraw = False
55.4976 	DATA 	Keypress: right
55.4985 	EXP 	window1: recordFrameIntervals = False
55.5108 	EXP 	grating: autoDraw = False
55.5108 	EXP 	fixation: autoDraw = False
55.5108 	EXP 	grating: color = '[ 0.00079433  0.00079433  0.00079433] (rgb)'
55.5108 	EXP 	grating: pos = array([-5.,  0.])
55.5108 	EXP 	grating: sf = array([ 8.,  8.])
55.5108 	EXP 	window1: recordFrameIntervals = False
55.7777 	EXP 	fixation: autoDraw = True
56.0180 	EXP 	grating: autoDraw = True
56.1515 	EXP 	grating: autoDraw = False
57.9402 	DATA 	Keypress: right
57.9412 	EXP 	window1: recordFrameIntervals = False
57.9533 	EXP 	grating: autoDraw = False
57.9533 	EXP 	fixation: autoDraw = False
57.9533 	EXP 	grating: color = '[ 0.00316228  0.00316228  0.00316228] (rgb)'
57.9533 	EXP 	grating: pos = array([-5.,  0.])
57.9533 	EXP 	grating: sf = array([ 2.,  2.])
57.9534 	EXP 	window1: recordFrameIntervals = False
58.2203 	EXP 	fixation: autoDraw = True
58.4605 	EXP 	grating: autoDraw = True
58.5939 	EXP 	grating: autoDraw = False
59.4216 	DATA 	Keypress: left
59.4227 	EXP 	window1: recordFrameIntervals = False
59.4349 	EXP 	grating: autoDraw = False
59.4349 	EXP 	fixation: autoDraw = False
59.4349 	EXP 	grating: color = '[ 0.001  0.001  0.001] (rgb)'
59.4349 	EXP 	grating: pos = array([ 5.,  0.])
59.4349 	EXP 	grating: sf = array([ 8.,  8.])
59.4350 	EXP 	window1: recordFrameIntervals = False
59.6885 	EXP 	fixation: autoDraw = True
59.9421 	EXP 	grating: autoDraw = True
60.0755 	EXP 	grating: autoDraw = False
60.3960 	DATA 	Keypress: left
60.3971 	EXP 	window1: recordFrameIntervals = False
60.4093 	EXP 	grating: autoDraw = False
60.4093 	EXP 	fixation: autoDraw = False
60.4093 	EXP 	grating: color = '[ 0.01995262  0.01995262  0.01995262] (rgb)'
60.4093 	EXP 	grating: pos = array([-5.,  0.])
60.4093 	EXP 	grating: sf = array([ 8.,  8.])
60.4093 	EXP 	window1: recordFrameIntervals = False
60.6762 	EXP 	fixation: autoDraw = True
60.9165 	EXP 	grating: autoDraw = True
61.0499 	EXP 	grating: autoDraw = False
61.3304 	DATA 	Keypress: left
61.3314 	EXP 	window1: recordFrameIntervals = False
61.3435 	EXP 	grating: autoDraw = False
61.3435 	EXP 	fixation: autoDraw = False
61.3435 	EXP 	grating: color = '[ 0.01  0.01  0.01] (rgb)'
61.3435 	EXP 	grating: pos = array([ 5.,  0.])
61.3435 	EXP 	grating: sf = array([ 2.,  2.])
61.3436 	EXP 	window1: recordFrameIntervals = False
61.6105 	EXP 	fixation: autoDraw = True
61.8508 	EXP 	grating: autoDraw = True
61.9842 	EXP 	grating: autoDraw = False
62.4917 	DATA 	Keypress: right
62.4927 	EXP 	window1: recordFrameIntervals = False
62.5048 	EXP 	grating: autoDraw = False
62.5048 	EXP 	fixation: autoDraw = False
62.5048 	EXP 	grating: color = '[ 0.00316228  0.00316228  0.00316228] (rgb)'
62.5048 	EXP 	grating: pos = array([-5.,  0.])
62.5048 	EXP 	grating: sf = array([ 2.,  2.])
62.5048 	EXP 	window1: recordFrameIntervals = False
62.7584 	EXP 	fixation: autoDraw = True
63.0119 	EXP 	grating: autoDraw = True
63.1454 	EXP 	grating: autoDraw = False
63.3725 	DATA 	Keypress: right
63.3736 	EXP 	window1: recordFrameIntervals = False
63.3857 	EXP 	grating: autoDraw = False
63.3857 	EXP 	fixation: autoDraw = False
63.3857 	EXP 	grating: color = '[ 0.00125893  0.00125893  0.00125893] (rgb)'
63.3857 	EXP 	grating: pos = array([-5.,  0.])
63.3857 	EXP 	grating: sf = array([ 8.,  8.])
63.3858 	EXP 	window1: recordFrameIntervals = False
63.6527 	EXP 	fixation: autoDraw = True
63.8928 	EXP 	grating: autoDraw = True
64.0264 	EXP 	grating: autoDraw = False
64.4136 	DATA 	Keypress: right
64.4146 	EXP 	window1: recordFrameIntervals = False
64.4268 	EXP 	grating: autoDraw = False
64.4268 	EXP 	fixation: autoDraw = False
64.4268 	EXP 	grating: color = '[ 0.00398107  0.00398107  0.00398107] (rgb)'
64.4268 	EXP 	grating: pos = array([ 5.,  0.])
64.4268 	EXP 	grating: sf = array([ 2.,  2.])
64.4268 	EXP 	window1: recordFrameIntervals = False
64.6804 	EXP 	fixation: autoDraw = True
64.9340 	EXP 	grating: autoDraw = True
65.0675 	EXP 	grating: autoDraw = False
65.5614 	DATA 	Keypress: right
65.5624 	EXP 	window1: recordFrameIntervals = False
65.5747 	EXP 	grating: autoDraw = False
65.5747 	EXP 	fixation: autoDraw = False
65.5747 	EXP 	grating: color = '[ 0.01995262  0.01995262  0.01995262] (rgb)'
65.5747 	EXP 	grating: pos = array([-5.,  0.])
65.5747 	EXP 	grating: sf = array([ 8.,  8.])
65.5747 	EXP 	window1: recordFrameIntervals = False
65.8416 	EXP 	fixation: autoDraw = True
66.0819 	EXP 	grating: autoDraw = True
66.2153 	EXP 	grating: autoDraw = False
66.8561 	DATA 	Keypress: left
66.8571 	EXP 	window1: recordFrameIntervals = False
66.8693 	EXP 	grating: autoDraw = False
66.8693 	EXP 	fixation: autoDraw = False
66.8693 	EXP 	grating: color = '[ 0.00630957  0.00630957  0.00630957] (rgb)'
66.8693 	EXP 	grating: pos = array([ 5.,  0.])
66.8693 	EXP 	grating: sf = array([ 2.,  2.])
66.8694 	EXP 	window1: recordFrameIntervals = False
67.1363 	EXP 	fixation: autoDraw = True
67.3766 	EXP 	grating: autoDraw = True
67.5100 	EXP 	grating: autoDraw = False
67.6303 	DATA 	Keypress: left
67.6314 	EXP 	window1: recordFrameIntervals = False
67.6435 	EXP 	grating: autoDraw = False
67.6435 	EXP 	fixation: autoDraw = False
67.6435 	EXP 	grating: color = '[ 0.00398107  0.00398107  0.00398107] (rgb)'
67.6435 	EXP 	grating: pos = array([-5.,  0.])
67.6435 	EXP 	grating: sf = array([ 2.,  2.])
67.6436 	EXP 	window1: recordFrameIntervals = False
67.8971 	EXP 	fixation: autoDraw = True
68.1507 	EXP 	grating: autoDraw = True
68.2842 	EXP 	grating: autoDraw = False
68.4846 	DATA 	Keypress: left
68.4861 	EXP 	window1: recordFrameIntervals = False
68.4977 	EXP 	grating: autoDraw = False
68.4977 	EXP 	fixation: autoDraw = False
68.4977 	EXP 	grating: color = '[ 0.01995262  0.01995262  0.01995262] (rgb)'
68.4977 	EXP 	grating: pos = array([-5.,  0.])
68.4977 	EXP 	grating: sf = array([ 8.,  8.])
68.4978 	EXP 	window1: recordFrameIntervals = False
68.7647 	EXP 	fixation: autoDraw = True
69.0050 	EXP 	grating: autoDraw = True
69.1384 	EXP 	grating: autoDraw = False
69.4856 	DATA 	Keypress: right
69.4866 	EXP 	window1: recordFrameIntervals = False
69.4988 	EXP 	grating: autoDraw = False
69.4988 	EXP 	fixation: autoDraw = False
69.4988 	EXP 	grating: color = '[ 0.00794328  0.00794328  0.00794328] (rgb)'
69.4988 	EXP 	grating: pos = array([-5.,  0.])
69.4988 	EXP 	grating: sf = array([ 2.,  2.])
69.4989 	EXP 	window1: recordFrameIntervals = False
69.7657 	EXP 	fixation: autoDraw = True
70.0060 	EXP 	grating: autoDraw = True
70.1395 	EXP 	grating: autoDraw = False
70.2464 	DATA 	Keypress: right
70.2474 	EXP 	window1: recordFrameIntervals = False
70.2596 	EXP 	grating: autoDraw = False
70.2596 	EXP 	fixation: autoDraw = False
70.2596 	EXP 	grating: color = '[ 0.00158489  0.00158489  0.00158489] (rgb)'
70.2596 	EXP 	grating: pos = array([ 5.,  0.])
70.2596 	EXP 	grating: sf = array([ 8.,  8.])
70.2597 	EXP 	window1: recordFrameIntervals = False
70.5132 	EXP 	fixation: autoDraw = True
70.7668 	EXP 	grating: autoDraw = True
70.9003 	EXP 	grating: autoDraw = False
71.3943 	DATA 	Keypress: right
71.3953 	EXP 	window1: recordFrameIntervals = False
71.4075 	EXP 	grating: autoDraw = False
71.4075 	EXP 	fixation: autoDraw = False
71.4075 	EXP 	grating: color = '[ 0.01  0.01  0.01] (rgb)'
71.4075 	EXP 	grating: pos = array([ 5.,  0.])
71.4075 	EXP 	grating: sf = array([ 2.,  2.])
71.4075 	EXP 	window1: recordFrameIntervals = False
71.6744 	EXP 	fixation: autoDraw = True
71.9147 	EXP 	grating: autoDraw = True
72.0482 	EXP 	grating: autoDraw = False
72.4353 	DATA 	Keypress: right
72.4364 	EXP 	window1: recordFrameIntervals = False
72.4486 	EXP 	grating: autoDraw = False
72.4486 	EXP 	fixation: autoDraw = False
72.4486 	EXP 	grating: color = '[ 0.02511886  0.02511886  0.02511886] (rgb)'
72.4486 	EXP 	grating: pos = array([ 5.,  0.])
72.4486 	EXP 	grating: sf = array([ 8.,  8.])
72.4486 	EXP 	window1: recordFrameIntervals = False
72.7155 	EXP 	fixation: autoDraw = True
72.9558 	EXP 	grating: autoDraw = True
73.0893 	EXP 	grating: autoDraw = False
73.2896 	DATA 	Keypress: right
73.2906 	EXP 	window1: recordFrameIntervals = False
73.3028 	EXP 	grating: autoDraw = False
73.3028 	EXP 	fixation: autoDraw = False
73.3028 	EXP 	grating: color = '[ 0.00398107  0.00398107  0.00398107] (rgb)'
73.3028 	EXP 	grating: pos = array([-5.,  0.])
73.3028 	EXP 	grating: sf = array([ 2.,  2.])
73.3029 	EXP 	window1: recordFrameIntervals = False
73.5698 	EXP 	fixation: autoDraw = True
73.8100 	EXP 	grating: autoDraw = True
73.9435 	EXP 	grating: autoDraw = False
74.2906 	DATA 	Keypress: right
74.2917 	EXP 	window1: recordFrameIntervals = False
74.3038 	EXP 	grating: autoDraw = False
74.3038 	EXP 	fixation: autoDraw = False
74.3038 	EXP 	grating: color = '[ 0.00158489  0.00158489  0.00158489] (rgb)'
74.3038 	EXP 	grating: pos = array([-5.,  0.])
74.3038 	EXP 	grating: sf = array([ 8.,  8.])
74.3039 	EXP 	window1: recordFrameIntervals = False
74.5708 	EXP 	fixation: autoDraw = True
74.8110 	EXP 	grating: autoDraw = True
74.9445 	EXP 	grating: autoDraw = False
75.4118 	DATA 	Keypress: left
75.4129 	EXP 	window1: recordFrameIntervals = False
75.4250 	EXP 	grating: autoDraw = False
75.4250 	EXP 	fixation: autoDraw = False
75.4250 	EXP 	grating: color = '[ 0.02511886  0.02511886  0.02511886] (rgb)'
75.4250 	EXP 	grating: pos = array([ 5.,  0.])
75.4250 	EXP 	grating: sf = array([ 8.,  8.])
75.4251 	EXP 	window1: recordFrameIntervals = False
75.6786 	EXP 	fixation: autoDraw = True
75.9322 	EXP 	grating: autoDraw = True
76.0657 	EXP 	grating: autoDraw = False
76.1193 	DATA 	Keypress: left
76.1203 	EXP 	window1: recordFrameIntervals = False
76.1324 	EXP 	grating: autoDraw = False
76.1324 	EXP 	fixation: autoDraw = False
76.1324 	EXP 	grating: color = '[ 0.01  0.01  0.01] (rgb)'
76.1324 	EXP 	grating: pos = array([ 5.,  0.])
76.1324 	EXP 	grating: sf = array([ 2.,  2.])
76.1325 	EXP 	window1: recordFrameIntervals = False
76.3994 	EXP 	fixation: autoDraw = True
76.6396 	EXP 	grating: autoDraw = True
76.7731 	EXP 	grating: autoDraw = False
77.1470 	DATA 	Keypress: left
77.1480 	EXP 	window1: recordFrameIntervals = False
77.1602 	EXP 	grating: autoDraw = False
77.1602 	EXP 	fixation: autoDraw = False
77.1602 	EXP 	grating: color = '[ 0.00158489  0.00158489  0.00158489] (rgb)'
77.1602 	EXP 	grating: pos = array([-5.,  0.])
77.1602 	EXP 	grating: sf = array([ 8.,  8.])
77.1602 	EXP 	window1: recordFrameIntervals = False
77.4271 	EXP 	fixation: autoDraw = True
77.6673 	EXP 	grating: autoDraw = True
77.8009 	EXP 	grating: autoDraw = False
78.0413 	DATA 	Keypress: right
78.0423 	EXP 	window1: recordFrameIntervals = False
78.0545 	EXP 	grating: autoDraw = False
78.0545 	EXP 	fixation: autoDraw = False
78.0545 	EXP 	grating: color = '[ 0.00501187  0.00501187  0.00501187] (rgb)'
78.0545 	EXP 	grating: pos = array([-5.,  0.])
78.0545 	EXP 	grating: sf = array([ 2.,  2.])
78.0546 	EXP 	window1: recordFrameIntervals = False
78.3080 	EXP 	fixation: autoDraw = True
78.5617 	EXP 	grating: autoDraw = True
78.6951 	EXP 	grating: autoDraw = False
79.1491 	DATA 	Keypress: right
79.1501 	EXP 	window1: recordFrameIntervals = False
79.1622 	EXP 	grating: autoDraw = False
79.1622 	EXP 	fixation: autoDraw = False
79.1622 	EXP 	grating: color = '[ 0.01258925  0.01258925  0.01258925] (rgb)'
79.1622 	EXP 	grating: pos = array([ 5.,  0.])
79.1622 	EXP 	grating: sf = array([ 2.,  2.])
79.1623 	EXP 	window1: recordFrameIntervals = False
79.4159 	EXP 	fixation: autoDraw = True
79.6695 	EXP 	grating: autoDraw = True
79.8030 	EXP 	grating: autoDraw = False
79.9499 	DATA 	Keypress: right
79.9509 	EXP 	window1: recordFrameIntervals = False
79.9631 	EXP 	grating: autoDraw = False
79.9631 	EXP 	fixation: autoDraw = False
79.9631 	EXP 	grating: color = '[ 0.00630957  0.00630957  0.00630957] (rgb)'
79.9631 	EXP 	grating: pos = array([ 5.,  0.])
79.9631 	EXP 	grating: sf = array([ 2.,  2.])
79.9632 	EXP 	window1: recordFrameIntervals = False
80.2167 	EXP 	fixation: autoDraw = True
80.4703 	EXP 	grating: autoDraw = True
80.6038 	EXP 	grating: autoDraw = False
80.8843 	DATA 	Keypress: right
80.8853 	EXP 	window1: recordFrameIntervals = False
80.8974 	EXP 	grating: autoDraw = False
80.8974 	EXP 	fixation: autoDraw = False
80.8974 	EXP 	grating: color = '[ 0.00199526  0.00199526  0.00199526] (rgb)'
80.8974 	EXP 	grating: pos = array([ 5.,  0.])
80.8974 	EXP 	grating: sf = array([ 8.,  8.])
80.8975 	EXP 	window1: recordFrameIntervals = False
81.1511 	EXP 	fixation: autoDraw = True
81.4046 	EXP 	grating: autoDraw = True
81.5381 	EXP 	grating: autoDraw = False
81.7785 	DATA 	Keypress: right
81.7795 	EXP 	window1: recordFrameIntervals = False
81.7917 	EXP 	grating: autoDraw = False
81.7917 	EXP 	fixation: autoDraw = False
81.7917 	EXP 	grating: color = '[ 0.03162278  0.03162278  0.03162278] (rgb)'
81.7917 	EXP 	grating: pos = array([-5.,  0.])
81.7917 	EXP 	grating: sf = array([ 8.,  8.])
81.7918 	EXP 	window1: recordFrameIntervals = False
82.0586 	EXP 	fixation: autoDraw = True
82.2989 	EXP 	grating: autoDraw = True
82.4324 	EXP 	grating: autoDraw = False
82.9931 	DATA 	Keypress: left
82.9941 	EXP 	window1: recordFrameIntervals = False
83.0063 	EXP 	grating: autoDraw = False
83.0063 	EXP 	fixation: autoDraw = False
83.0063 	EXP 	grating: color = '[ 0.00630957  0.00630957  0.00630957] (rgb)'
83.0063 	EXP 	grating: pos = array([-5.,  0.])
83.0063 	EXP 	grating: sf = array([ 2.,  2.])
83.0064 	EXP 	window1: recordFrameIntervals = False
83.2599 	EXP 	fixation: autoDraw = True
83.5135 	EXP 	grating: autoDraw = True
83.6470 	EXP 	grating: autoDraw = False
84.0209 	DATA 	Keypress: left
84.0219 	EXP 	window1: recordFrameIntervals = False
84.0341 	EXP 	grating: autoDraw = False
84.0341 	EXP 	fixation: autoDraw = False
84.0341 	EXP 	grating: color = '[ 0.01258925  0.01258925  0.01258925] (rgb)'
84.0341 	EXP 	grating: pos = array([ 5.,  0.])
84.0341 	EXP 	grating: sf = array([ 2.,  2.])
84.0341 	EXP 	window1: recordFrameIntervals = False
84.2876 	EXP 	fixation: autoDraw = True
84.5413 	EXP 	grating: autoDraw = True
84.6747 	EXP 	grating: autoDraw = False
84.8351 	DATA 	Keypress: right
84.8361 	EXP 	window1: recordFrameIntervals = False
84.8483 	EXP 	grating: autoDraw = False
84.8483 	EXP 	fixation: autoDraw = False
84.8483 	EXP 	grating: color = '[ 0.03162278  0.03162278  0.03162278] (rgb)'
84.8483 	EXP 	grating: pos = array([-5.,  0.])
84.8483 	EXP 	grating: sf = array([ 8.,  8.])
84.8483 	EXP 	window1: recordFrameIntervals = False
85.1018 	EXP 	fixation: autoDraw = True
85.3555 	EXP 	grating: autoDraw = True
85.4890 	EXP 	grating: autoDraw = False
85.9429 	DATA 	Keypress: right
85.9439 	EXP 	window1: recordFrameIntervals = False
85.9561 	EXP 	grating: autoDraw = False
85.9561 	EXP 	fixation: autoDraw = False
85.9561 	EXP 	grating: color = '[ 0.00199526  0.00199526  0.00199526] (rgb)'
85.9561 	EXP 	grating: pos = array([-5.,  0.])
85.9561 	EXP 	grating: sf = array([ 8.,  8.])
85.9561 	EXP 	window1: recordFrameIntervals = False
86.2097 	EXP 	fixation: autoDraw = True
86.4633 	EXP 	grating: autoDraw = True
86.5967 	EXP 	grating: autoDraw = False
86.7970 	DATA 	Keypress: left
86.7981 	EXP 	window1: recordFrameIntervals = False
86.8103 	EXP 	grating: autoDraw = False
86.8103 	EXP 	fixation: autoDraw = False
86.8103 	EXP 	grating: color = '[ 0.00199526  0.00199526  0.00199526] (rgb)'
86.8103 	EXP 	grating: pos = array([ 5.,  0.])
86.8103 	EXP 	grating: sf = array([ 8.,  8.])
86.8103 	EXP 	window1: recordFrameIntervals = False
87.0639 	EXP 	fixation: autoDraw = True
87.3175 	EXP 	grating: autoDraw = True
87.4510 	EXP 	grating: autoDraw = False
87.8115 	DATA 	Keypress: left
87.8126 	EXP 	window1: recordFrameIntervals = False
87.8247 	EXP 	grating: autoDraw = False
87.8247 	EXP 	fixation: autoDraw = False
87.8247 	EXP 	grating: color = '[ 0.03981072  0.03981072  0.03981072] (rgb)'
87.8247 	EXP 	grating: pos = array([-5.,  0.])
87.8247 	EXP 	grating: sf = array([ 8.,  8.])
87.8248 	EXP 	window1: recordFrameIntervals = False
88.0783 	EXP 	fixation: autoDraw = True
88.3319 	EXP 	grating: autoDraw = True
88.4654 	EXP 	grating: autoDraw = False
88.5857 	DATA 	Keypress: left
88.5866 	EXP 	window1: recordFrameIntervals = False
88.5989 	EXP 	grating: autoDraw = False
88.5989 	EXP 	fixation: autoDraw = False
88.5989 	EXP 	grating: color = '[ 0.01258925  0.01258925  0.01258925] (rgb)'
88.5989 	EXP 	grating: pos = array([-5.,  0.])
88.5989 	EXP 	grating: sf = array([ 2.,  2.])
88.5989 	EXP 	window1: recordFrameIntervals = False
88.8658 	EXP 	fixation: autoDraw = True
89.1061 	EXP 	grating: autoDraw = True
89.2396 	EXP 	grating: autoDraw = False
89.4399 	DATA 	Keypress: right
89.4409 	EXP 	window1: recordFrameIntervals = False
89.4531 	EXP 	grating: autoDraw = False
89.4531 	EXP 	fixation: autoDraw = False
89.4531 	EXP 	grating: color = '[ 0.00630957  0.00630957  0.00630957] (rgb)'
89.4531 	EXP 	grating: pos = array([ 5.,  0.])
89.4531 	EXP 	grating: sf = array([ 2.,  2.])
89.4531 	EXP 	window1: recordFrameIntervals = False
89.4898 	DATA 	Keypress: down
89.7067 	EXP 	fixation: autoDraw = True
89.9603 	EXP 	grating: autoDraw = True
90.0938 	EXP 	grating: autoDraw = False
90.7213 	DATA 	Keypress: right
90.7223 	EXP 	window1: recordFrameIntervals = False
90.7345 	EXP 	grating: autoDraw = False
90.7345 	EXP 	fixation: autoDraw = False
90.7345 	EXP 	grating: color = '[ 0.03981072  0.03981072  0.03981072] (rgb)'
90.7345 	EXP 	grating: pos = array([-5.,  0.])
90.7345 	EXP 	grating: sf = array([ 8.,  8.])
90.7345 	EXP 	window1: recordFrameIntervals = False
91.0014 	EXP 	fixation: autoDraw = True
91.2416 	EXP 	grating: autoDraw = True
91.3751 	EXP 	grating: autoDraw = False
91.4820 	DATA 	Keypress: right
91.4830 	EXP 	window1: recordFrameIntervals = False
91.4952 	EXP 	grating: autoDraw = False
91.4952 	EXP 	fixation: autoDraw = False
91.4952 	EXP 	grating: color = '[ 0.01584893  0.01584893  0.01584893] (rgb)'
91.4952 	EXP 	grating: pos = array([-5.,  0.])
91.4952 	EXP 	grating: sf = array([ 2.,  2.])
91.4953 	EXP 	window1: recordFrameIntervals = False
91.7488 	EXP 	fixation: autoDraw = True
92.0025 	EXP 	grating: autoDraw = True
92.1359 	EXP 	grating: autoDraw = False
92.4030 	DATA 	Keypress: left
92.4040 	EXP 	window1: recordFrameIntervals = False
92.4162 	EXP 	grating: autoDraw = False
92.4162 	EXP 	fixation: autoDraw = False
92.4162 	EXP 	grating: color = '[ 0.00562341  0.00562341  0.00562341] (rgb)'
92.4162 	EXP 	grating: pos = array([ 5.,  0.])
92.4162 	EXP 	grating: sf = array([ 2.,  2.])
92.4163 	EXP 	window1: recordFrameIntervals = False
92.6831 	EXP 	fixation: autoDraw = True
92.9234 	EXP 	grating: autoDraw = True
93.0569 	EXP 	grating: autoDraw = False
93.5376 	DATA 	Keypress: left
93.5386 	EXP 	window1: recordFrameIntervals = False
93.5507 	EXP 	grating: autoDraw = False
93.5507 	EXP 	fixation: autoDraw = False
93.5507 	EXP 	grating: color = '[ 0.00251189  0.00251189  0.00251189] (rgb)'
93.5507 	EXP 	grating: pos = array([ 5.,  0.])
93.5507 	EXP 	grating: sf = array([ 8.,  8.])
93.5508 	EXP 	window1: recordFrameIntervals = False
93.8176 	EXP 	fixation: autoDraw = True
94.0579 	EXP 	grating: autoDraw = True
94.1914 	EXP 	grating: autoDraw = False
94.7788 	DATA 	Keypress: left
94.7798 	EXP 	window1: recordFrameIntervals = False
94.7920 	EXP 	grating: autoDraw = False
94.7920 	EXP 	fixation: autoDraw = False
94.7920 	EXP 	grating: color = '[ 0.00630957  0.00630957  0.00630957] (rgb)'
94.7920 	EXP 	grating: pos = array([-5.,  0.])
94.7920 	EXP 	grating: sf = array([ 2.,  2.])
94.7921 	EXP 	window1: recordFrameIntervals = False
95.0456 	EXP 	fixation: autoDraw = True
95.2993 	EXP 	grating: autoDraw = True
95.4327 	EXP 	grating: autoDraw = False
95.6331 	DATA 	Keypress: left
95.6340 	EXP 	window1: recordFrameIntervals = False
95.6463 	EXP 	grating: autoDraw = False
95.6463 	EXP 	fixation: autoDraw = False
95.6463 	EXP 	grating: color = '[ 0.05011872  0.05011872  0.05011872] (rgb)'
95.6463 	EXP 	grating: pos = array([ 5.,  0.])
95.6463 	EXP 	grating: sf = array([ 8.,  8.])
95.6463 	EXP 	window1: recordFrameIntervals = False
95.9132 	EXP 	fixation: autoDraw = True
96.1535 	EXP 	grating: autoDraw = True
96.2870 	EXP 	grating: autoDraw = False
96.6608 	DATA 	Keypress: left
96.6619 	EXP 	window1: recordFrameIntervals = False
96.6740 	EXP 	grating: autoDraw = False
96.6740 	EXP 	fixation: autoDraw = False
96.6740 	EXP 	grating: color = '[ 0.01584893  0.01584893  0.01584893] (rgb)'
96.6740 	EXP 	grating: pos = array([ 5.,  0.])
96.6740 	EXP 	grating: sf = array([ 2.,  2.])
96.6741 	EXP 	window1: recordFrameIntervals = False
96.9409 	EXP 	fixation: autoDraw = True
97.1013 	DATA 	Keypress: right
97.1812 	EXP 	grating: autoDraw = True
97.3147 	EXP 	grating: autoDraw = False
97.7953 	DATA 	Keypress: right
97.7963 	EXP 	window1: recordFrameIntervals = False
97.8087 	EXP 	grating: autoDraw = False
97.8087 	EXP 	fixation: autoDraw = False
97.8087 	EXP 	grating: color = '[ 0.00316228  0.00316228  0.00316228] (rgb)'
97.8087 	EXP 	grating: pos = array([ 5.,  0.])
97.8087 	EXP 	grating: sf = array([ 8.,  8.])
97.8088 	EXP 	window1: recordFrameIntervals = False
98.0621 	EXP 	fixation: autoDraw = True
98.3157 	EXP 	grating: autoDraw = True
98.4492 	EXP 	grating: autoDraw = False
99.0366 	DATA 	Keypress: right
99.0376 	EXP 	window1: recordFrameIntervals = False
99.0498 	EXP 	grating: autoDraw = False
99.0498 	EXP 	fixation: autoDraw = False
99.0498 	EXP 	grating: color = '[ 0.01584893  0.01584893  0.01584893] (rgb)'
99.0498 	EXP 	grating: pos = array([-5.,  0.])
99.0498 	EXP 	grating: sf = array([ 2.,  2.])
99.0499 	EXP 	window1: recordFrameIntervals = False
99.3034 	EXP 	fixation: autoDraw = True
99.5570 	EXP 	grating: autoDraw = True
99.6906 	EXP 	grating: autoDraw = False
100.1044 	DATA 	Keypress: left
100.1054 	EXP 	window1: recordFrameIntervals = False
100.1176 	EXP 	grating: autoDraw = False
100.1176 	EXP 	fixation: autoDraw = False
100.1176 	EXP 	grating: color = '[ 0.06309573  0.06309573  0.06309573] (rgb)'
100.1176 	EXP 	grating: pos = array([ 5.,  0.])
100.1176 	EXP 	grating: sf = array([ 8.,  8.])
100.1177 	EXP 	window1: recordFrameIntervals = False
100.3712 	EXP 	fixation: autoDraw = True
100.6248 	EXP 	grating: autoDraw = True
100.7583 	EXP 	grating: autoDraw = False
101.2390 	DATA 	Keypress: right
101.2400 	EXP 	window1: recordFrameIntervals = False
101.2521 	EXP 	grating: autoDraw = False
101.2521 	EXP 	fixation: autoDraw = False
101.2521 	EXP 	grating: color = '[ 0.00630957  0.00630957  0.00630957] (rgb)'
101.2521 	EXP 	grating: pos = array([ 5.,  0.])
101.2521 	EXP 	grating: sf = array([ 2.,  2.])
101.2522 	EXP 	window1: recordFrameIntervals = False
101.5191 	EXP 	fixation: autoDraw = True
101.7594 	EXP 	grating: autoDraw = True
101.8928 	EXP 	grating: autoDraw = False
102.6938 	DATA 	Keypress: right
102.6948 	EXP 	window1: recordFrameIntervals = False
102.7070 	EXP 	grating: autoDraw = False
102.7070 	EXP 	fixation: autoDraw = False
102.7070 	EXP 	grating: color = '[ 0.00316228  0.00316228  0.00316228] (rgb)'
102.7070 	EXP 	grating: pos = array([ 5.,  0.])
102.7070 	EXP 	grating: sf = array([ 8.,  8.])
102.7071 	EXP 	window1: recordFrameIntervals = False
102.9606 	EXP 	fixation: autoDraw = True
103.2142 	EXP 	grating: autoDraw = True
103.3477 	EXP 	grating: autoDraw = False
103.4413 	DATA 	Keypress: right
103.4423 	EXP 	window1: recordFrameIntervals = False
103.4544 	EXP 	grating: autoDraw = False
103.4544 	EXP 	fixation: autoDraw = False
103.4544 	EXP 	grating: color = '[ 0.00630957  0.00630957  0.00630957] (rgb)'
103.4544 	EXP 	grating: pos = array([ 5.,  0.])
103.4544 	EXP 	grating: sf = array([ 2.,  2.])
103.4545 	EXP 	window1: recordFrameIntervals = False
103.7081 	EXP 	fixation: autoDraw = True
103.9617 	EXP 	grating: autoDraw = True
104.0951 	EXP 	grating: autoDraw = False
104.3489 	DATA 	Keypress: right
104.3499 	EXP 	window1: recordFrameIntervals = False
104.3621 	EXP 	grating: autoDraw = False
104.3621 	EXP 	fixation: autoDraw = False
104.3621 	EXP 	grating: color = '[ 0.06309573  0.06309573  0.06309573] (rgb)'
104.3621 	EXP 	grating: pos = array([-5.,  0.])
104.3621 	EXP 	grating: sf = array([ 8.,  8.])
104.3621 	EXP 	window1: recordFrameIntervals = False
104.6290 	EXP 	fixation: autoDraw = True
104.8693 	EXP 	grating: autoDraw = True
105.0028 	EXP 	grating: autoDraw = False
105.0163 	DATA 	Keypress: right
105.0173 	EXP 	window1: recordFrameIntervals = False
105.0295 	EXP 	grating: autoDraw = False
105.0295 	EXP 	fixation: autoDraw = False
105.0295 	EXP 	grating: color = '[ 0.00316228  0.00316228  0.00316228] (rgb)'
105.0295 	EXP 	grating: pos = array([ 5.,  0.])
105.0295 	EXP 	grating: sf = array([ 8.,  8.])
105.0295 	EXP 	window1: recordFrameIntervals = False
105.2964 	EXP 	fixation: autoDraw = True
105.5366 	EXP 	grating: autoDraw = True
105.6701 	EXP 	grating: autoDraw = False
106.4044 	DATA 	Keypress: left
106.4055 	EXP 	window1: recordFrameIntervals = False
106.4176 	EXP 	grating: autoDraw = False
106.4176 	EXP 	fixation: autoDraw = False
106.4176 	EXP 	grating: color = '[ 0.01258925  0.01258925  0.01258925] (rgb)'
106.4176 	EXP 	grating: pos = array([ 5.,  0.])
106.4176 	EXP 	grating: sf = array([ 2.,  2.])
106.4176 	EXP 	window1: recordFrameIntervals = False
106.6712 	EXP 	fixation: autoDraw = True
106.9248 	EXP 	grating: autoDraw = True
107.0582 	EXP 	grating: autoDraw = False
107.0984 	DATA 	Keypress: left
107.0995 	EXP 	window1: recordFrameIntervals = False
107.1116 	EXP 	grating: autoDraw = False
107.1116 	EXP 	fixation: autoDraw = False
107.1116 	EXP 	grating: color = '[ 0.00398107  0.00398107  0.00398107] (rgb)'
107.1116 	EXP 	grating: pos = array([-5.,  0.])
107.1116 	EXP 	grating: sf = array([ 8.,  8.])
107.1117 	EXP 	window1: recordFrameIntervals = False
107.3652 	EXP 	fixation: autoDraw = True
107.6188 	EXP 	grating: autoDraw = True
107.7523 	EXP 	grating: autoDraw = False
107.9393 	DATA 	Keypress: left
107.9403 	EXP 	window1: recordFrameIntervals = False
107.9525 	EXP 	grating: autoDraw = False
107.9525 	EXP 	fixation: autoDraw = False
107.9525 	EXP 	grating: color = '[ 0.07943282  0.07943282  0.07943282] (rgb)'
107.9525 	EXP 	grating: pos = array([-5.,  0.])
107.9525 	EXP 	grating: sf = array([ 8.,  8.])
107.9526 	EXP 	window1: recordFrameIntervals = False
108.2061 	EXP 	fixation: autoDraw = True
108.4597 	EXP 	grating: autoDraw = True
108.5932 	EXP 	grating: autoDraw = False
108.7268 	DATA 	Keypress: right
108.7278 	EXP 	window1: recordFrameIntervals = False
108.7400 	EXP 	grating: autoDraw = False
108.7400 	EXP 	fixation: autoDraw = False
108.7400 	EXP 	grating: color = '[ 0.00562341  0.00562341  0.00562341] (rgb)'
108.7400 	EXP 	grating: pos = array([ 5.,  0.])
108.7400 	EXP 	grating: sf = array([ 2.,  2.])
108.7401 	EXP 	window1: recordFrameIntervals = False
109.0070 	EXP 	fixation: autoDraw = True
109.2472 	EXP 	grating: autoDraw = True
109.3807 	EXP 	grating: autoDraw = False
109.4075 	DATA 	Keypress: left
109.4085 	EXP 	window1: recordFrameIntervals = False
109.4207 	EXP 	grating: autoDraw = False
109.4207 	EXP 	fixation: autoDraw = False
109.4207 	EXP 	grating: color = '[ 0.01412538  0.01412538  0.01412538] (rgb)'
109.4207 	EXP 	grating: pos = array([-5.,  0.])
109.4207 	EXP 	grating: sf = array([ 2.,  2.])
109.4208 	EXP 	window1: recordFrameIntervals = False
109.6877 	EXP 	fixation: autoDraw = True
109.9280 	EXP 	grating: autoDraw = True
110.0614 	EXP 	grating: autoDraw = False
110.4353 	DATA 	Keypress: left
110.4363 	EXP 	window1: recordFrameIntervals = False
110.4485 	EXP 	grating: autoDraw = False
110.4485 	EXP 	fixation: autoDraw = False
110.4485 	EXP 	grating: color = '[ 0.00398107  0.00398107  0.00398107] (rgb)'
110.4485 	EXP 	grating: pos = array([-5.,  0.])
110.4485 	EXP 	grating: sf = array([ 8.,  8.])
110.4486 	EXP 	window1: recordFrameIntervals = False
110.7021 	EXP 	fixation: autoDraw = True
110.9557 	EXP 	grating: autoDraw = True
111.0892 	EXP 	grating: autoDraw = False
111.4096 	DATA 	Keypress: left
111.4106 	EXP 	window1: recordFrameIntervals = False
111.4228 	EXP 	grating: autoDraw = False
111.4228 	EXP 	fixation: autoDraw = False
111.4228 	EXP 	grating: color = '[ 0.00630957  0.00630957  0.00630957] (rgb)'
111.4228 	EXP 	grating: pos = array([-5.,  0.])
111.4228 	EXP 	grating: sf = array([ 2.,  2.])
111.4229 	EXP 	window1: recordFrameIntervals = False
111.6764 	EXP 	fixation: autoDraw = True
111.9301 	EXP 	grating: autoDraw = True
112.0635 	EXP 	grating: autoDraw = False
112.4507 	DATA 	Keypress: left
112.4517 	EXP 	window1: recordFrameIntervals = False
112.4639 	EXP 	grating: autoDraw = False
112.4639 	EXP 	fixation: autoDraw = False
112.4639 	EXP 	grating: color = '[ 0.01412538  0.01412538  0.01412538] (rgb)'
112.4639 	EXP 	grating: pos = array([-5.,  0.])
112.4639 	EXP 	grating: sf = array([ 2.,  2.])
112.4640 	EXP 	window1: recordFrameIntervals = False
112.7309 	EXP 	fixation: autoDraw = True
112.9711 	EXP 	grating: autoDraw = True
113.1046 	EXP 	grating: autoDraw = False
113.4785 	DATA 	Keypress: left
113.4795 	EXP 	window1: recordFrameIntervals = False
113.4917 	EXP 	grating: autoDraw = False
113.4917 	EXP 	fixation: autoDraw = False
113.4917 	EXP 	grating: color = '[ 0.1  0.1  0.1] (rgb)'
113.4917 	EXP 	grating: pos = array([ 5.,  0.])
113.4917 	EXP 	grating: sf = array([ 8.,  8.])
113.4918 	EXP 	window1: recordFrameIntervals = False
113.7586 	EXP 	fixation: autoDraw = True
113.9989 	EXP 	grating: autoDraw = True
114.1324 	EXP 	grating: autoDraw = False
114.5463 	DATA 	Keypress: left
114.5473 	EXP 	window1: recordFrameIntervals = False
114.5595 	EXP 	grating: autoDraw = False
114.5595 	EXP 	fixation: autoDraw = False
114.5595 	EXP 	grating: color = '[ 0.00398107  0.00398107  0.00398107] (rgb)'
114.5595 	EXP 	grating: pos = array([ 5.,  0.])
114.5595 	EXP 	grating: sf = array([ 8.,  8.])
114.5595 	EXP 	window1: recordFrameIntervals = False
114.8131 	EXP 	fixation: autoDraw = True
115.0667 	EXP 	grating: autoDraw = True
115.2001 	EXP 	grating: autoDraw = False
115.5873 	DATA 	Keypress: left
115.5884 	EXP 	window1: recordFrameIntervals = False
115.6006 	EXP 	grating: autoDraw = False
115.6006 	EXP 	fixation: autoDraw = False
115.6006 	EXP 	grating: color = '[ 0.00630957  0.00630957  0.00630957] (rgb)'
115.6006 	EXP 	grating: pos = array([-5.,  0.])
115.6006 	EXP 	grating: sf = array([ 2.,  2.])
115.6006 	EXP 	window1: recordFrameIntervals = False
115.8542 	EXP 	fixation: autoDraw = True
116.1078 	EXP 	grating: autoDraw = True
116.2412 	EXP 	grating: autoDraw = False
116.5216 	DATA 	Keypress: left
116.5226 	EXP 	window1: recordFrameIntervals = False
116.5348 	EXP 	grating: autoDraw = False
116.5348 	EXP 	fixation: autoDraw = False
116.5348 	EXP 	grating: color = '[ 0.12589254  0.12589254  0.12589254] (rgb)'
116.5348 	EXP 	grating: pos = array([ 5.,  0.])
116.5348 	EXP 	grating: sf = array([ 8.,  8.])
116.5349 	EXP 	window1: recordFrameIntervals = False
116.7885 	EXP 	fixation: autoDraw = True
117.0421 	EXP 	grating: autoDraw = True
117.1755 	EXP 	grating: autoDraw = False
118.4303 	DATA 	Keypress: right
118.4313 	EXP 	window1: recordFrameIntervals = False
118.4436 	EXP 	grating: autoDraw = False
118.4436 	EXP 	fixation: autoDraw = False
118.4436 	EXP 	grating: color = '[ 0.01412538  0.01412538  0.01412538] (rgb)'
118.4436 	EXP 	grating: pos = array([-5.,  0.])
118.4436 	EXP 	grating: sf = array([ 2.,  2.])
118.4436 	EXP 	window1: recordFrameIntervals = False
118.7105 	EXP 	fixation: autoDraw = True
118.9508 	EXP 	grating: autoDraw = True
119.0842 	EXP 	grating: autoDraw = False
120.3526 	DATA 	Keypress: left
120.3666 	EXP 	window1: recordFrameIntervals = False
120.3789 	EXP 	grating: autoDraw = False
120.3789 	EXP 	fixation: autoDraw = False
120.3789 	EXP 	grating: color = '[ 0.00630957  0.00630957  0.00630957] (rgb)'
120.3789 	EXP 	grating: pos = array([-5.,  0.])
120.3789 	EXP 	grating: sf = array([ 2.,  2.])
120.3790 	EXP 	window1: recordFrameIntervals = False
120.6459 	EXP 	fixation: autoDraw = True
120.8862 	EXP 	grating: autoDraw = True
121.0196 	EXP 	grating: autoDraw = False
122.1943 	DATA 	Keypress: right
122.1954 	EXP 	window1: recordFrameIntervals = False
122.2075 	EXP 	grating: autoDraw = False
122.2075 	EXP 	fixation: autoDraw = False
122.2075 	EXP 	grating: color = '[ 0.12589254  0.12589254  0.12589254] (rgb)'
122.2075 	EXP 	grating: pos = array([ 5.,  0.])
122.2075 	EXP 	grating: sf = array([ 8.,  8.])
122.2075 	EXP 	window1: recordFrameIntervals = False
122.4744 	EXP 	fixation: autoDraw = True
122.7147 	EXP 	grating: autoDraw = True
122.8482 	EXP 	grating: autoDraw = False
123.2621 	DATA 	Keypress: right
123.2631 	EXP 	window1: recordFrameIntervals = False
123.2753 	EXP 	grating: autoDraw = False
123.2753 	EXP 	fixation: autoDraw = False
123.2753 	EXP 	grating: color = '[ 0.00501187  0.00501187  0.00501187] (rgb)'
123.2753 	EXP 	grating: pos = array([ 5.,  0.])
123.2753 	EXP 	grating: sf = array([ 8.,  8.])
123.2753 	EXP 	window1: recordFrameIntervals = False
123.5422 	EXP 	fixation: autoDraw = True
123.7825 	EXP 	grating: autoDraw = True
123.9160 	EXP 	grating: autoDraw = False
124.2631 	DATA 	Keypress: right
124.2642 	EXP 	window1: recordFrameIntervals = False
124.2764 	EXP 	grating: autoDraw = False
124.2764 	EXP 	fixation: autoDraw = False
124.2764 	EXP 	grating: color = '[ 0.01258925  0.01258925  0.01258925] (rgb)'
124.2764 	EXP 	grating: pos = array([-5.,  0.])
124.2764 	EXP 	grating: sf = array([ 2.,  2.])
124.2764 	EXP 	window1: recordFrameIntervals = False
124.5300 	EXP 	fixation: autoDraw = True
124.7836 	EXP 	grating: autoDraw = True
124.9170 	EXP 	grating: autoDraw = False
125.2909 	DATA 	Keypress: left
125.2919 	EXP 	window1: recordFrameIntervals = False
125.3041 	EXP 	grating: autoDraw = False
125.3041 	EXP 	fixation: autoDraw = False
125.3041 	EXP 	grating: color = '[ 0.00707946  0.00707946  0.00707946] (rgb)'
125.3041 	EXP 	grating: pos = array([-5.,  0.])
125.3041 	EXP 	grating: sf = array([ 2.,  2.])
125.3041 	EXP 	window1: recordFrameIntervals = False
125.5577 	EXP 	fixation: autoDraw = True
125.8113 	EXP 	grating: autoDraw = True
125.9447 	EXP 	grating: autoDraw = False
126.1718 	DATA 	Keypress: right
126.1729 	EXP 	window1: recordFrameIntervals = False
126.1850 	EXP 	grating: autoDraw = False
126.1850 	EXP 	fixation: autoDraw = False
126.1850 	EXP 	grating: color = '[ 0.12589254  0.12589254  0.12589254] (rgb)'
126.1850 	EXP 	grating: pos = array([-5.,  0.])
126.1850 	EXP 	grating: sf = array([ 8.,  8.])
126.1851 	EXP 	window1: recordFrameIntervals = False
126.4520 	EXP 	fixation: autoDraw = True
126.6922 	EXP 	grating: autoDraw = True
126.8259 	EXP 	grating: autoDraw = False
127.2396 	DATA 	Keypress: left
127.2406 	EXP 	window1: recordFrameIntervals = False
127.2528 	EXP 	grating: autoDraw = False
127.2528 	EXP 	fixation: autoDraw = False
127.2528 	EXP 	grating: color = '[ 0.01258925  0.01258925  0.01258925] (rgb)'
127.2528 	EXP 	grating: pos = array([-5.,  0.])
127.2528 	EXP 	grating: sf = array([ 2.,  2.])
127.2529 	EXP 	window1: recordFrameIntervals = False
127.5197 	EXP 	fixation: autoDraw = True
127.7600 	EXP 	grating: autoDraw = True
127.8536 	DATA 	Keypress: right
127.8546 	EXP 	window1: recordFrameIntervals = False
127.8668 	EXP 	grating: autoDraw = False
127.8668 	EXP 	fixation: autoDraw = False
127.8668 	EXP 	grating: color = '[ 0.00501187  0.00501187  0.00501187] (rgb)'
127.8668 	EXP 	grating: pos = array([-5.,  0.])
127.8668 	EXP 	grating: sf = array([ 8.,  8.])
127.8669 	EXP 	window1: recordFrameIntervals = False
128.1204 	EXP 	fixation: autoDraw = True
128.3740 	EXP 	grating: autoDraw = True
128.5074 	EXP 	grating: autoDraw = False
128.7612 	DATA 	Keypress: right
128.7622 	EXP 	window1: recordFrameIntervals = False
128.7744 	EXP 	grating: autoDraw = False
128.7744 	EXP 	fixation: autoDraw = False
128.7744 	EXP 	grating: color = '[ 0.00630957  0.00630957  0.00630957] (rgb)'
128.7744 	EXP 	grating: pos = array([ 5.,  0.])
128.7744 	EXP 	grating: sf = array([ 8.,  8.])
128.7745 	EXP 	window1: recordFrameIntervals = False
129.0413 	EXP 	fixation: autoDraw = True
129.2816 	EXP 	grating: autoDraw = True
129.4151 	EXP 	grating: autoDraw = False
129.4953 	DATA 	Keypress: right
129.4963 	EXP 	window1: recordFrameIntervals = False
129.5085 	EXP 	grating: autoDraw = False
129.5085 	EXP 	fixation: autoDraw = False
129.5085 	EXP 	grating: color = '[ 0.1  0.1  0.1] (rgb)'
129.5085 	EXP 	grating: pos = array([-5.,  0.])
129.5085 	EXP 	grating: sf = array([ 8.,  8.])
129.5085 	EXP 	window1: recordFrameIntervals = False
129.7754 	EXP 	fixation: autoDraw = True
130.0157 	EXP 	grating: autoDraw = True
130.1492 	EXP 	grating: autoDraw = False
130.5497 	DATA 	Keypress: left
130.5507 	EXP 	window1: recordFrameIntervals = False
130.5630 	EXP 	grating: autoDraw = False
130.5630 	EXP 	fixation: autoDraw = False
130.5630 	EXP 	grating: color = '[ 0.01412538  0.01412538  0.01412538] (rgb)'
130.5630 	EXP 	grating: pos = array([ 5.,  0.])
130.5630 	EXP 	grating: sf = array([ 2.,  2.])
130.5630 	EXP 	window1: recordFrameIntervals = False
130.8166 	EXP 	fixation: autoDraw = True
131.0702 	EXP 	grating: autoDraw = True
131.2036 	EXP 	grating: autoDraw = False
131.4174 	DATA 	Keypress: right
131.4184 	EXP 	window1: recordFrameIntervals = False
131.4305 	EXP 	grating: autoDraw = False
131.4305 	EXP 	fixation: autoDraw = False
131.4305 	EXP 	grating: color = '[ 0.00794328  0.00794328  0.00794328] (rgb)'
131.4305 	EXP 	grating: pos = array([ 5.,  0.])
131.4305 	EXP 	grating: sf = array([ 2.,  2.])
131.4306 	EXP 	window1: recordFrameIntervals = False
131.6841 	EXP 	fixation: autoDraw = True
131.9377 	EXP 	grating: autoDraw = True
132.0712 	EXP 	grating: autoDraw = False
132.1247 	DATA 	Keypress: right
132.1260 	EXP 	window1: recordFrameIntervals = False
132.1379 	EXP 	grating: autoDraw = False
132.1379 	EXP 	fixation: autoDraw = False
132.1379 	EXP 	grating: color = '[ 0.00630957  0.00630957  0.00630957] (rgb)'
132.1379 	EXP 	grating: pos = array([ 5.,  0.])
132.1379 	EXP 	grating: sf = array([ 8.,  8.])
132.1380 	EXP 	window1: recordFrameIntervals = False
132.4049 	EXP 	fixation: autoDraw = True
132.6451 	EXP 	grating: autoDraw = True
132.7786 	EXP 	grating: autoDraw = False
132.8055 	DATA 	Keypress: right
132.8065 	EXP 	window1: recordFrameIntervals = False
132.8187 	EXP 	grating: autoDraw = False
132.8187 	EXP 	fixation: autoDraw = False
132.8187 	EXP 	grating: color = '[ 0.01412538  0.01412538  0.01412538] (rgb)'
132.8187 	EXP 	grating: pos = array([ 5.,  0.])
132.8187 	EXP 	grating: sf = array([ 2.,  2.])
132.8187 	EXP 	window1: recordFrameIntervals = False
133.0856 	EXP 	fixation: autoDraw = True
133.3258 	EXP 	grating: autoDraw = True
133.4593 	EXP 	grating: autoDraw = False
133.6063 	DATA 	Keypress: right
133.6073 	EXP 	window1: recordFrameIntervals = False
133.6195 	EXP 	grating: autoDraw = False
133.6195 	EXP 	fixation: autoDraw = False
133.6195 	EXP 	grating: color = '[ 0.00794328  0.00794328  0.00794328] (rgb)'
133.6195 	EXP 	grating: pos = array([ 5.,  0.])
133.6195 	EXP 	grating: sf = array([ 2.,  2.])
133.6195 	EXP 	window1: recordFrameIntervals = False
133.8865 	EXP 	fixation: autoDraw = True
134.1267 	EXP 	grating: autoDraw = True
134.2602 	EXP 	grating: autoDraw = False
134.3671 	DATA 	Keypress: right
134.3681 	EXP 	window1: recordFrameIntervals = False
134.3803 	EXP 	grating: autoDraw = False
134.3803 	EXP 	fixation: autoDraw = False
134.3803 	EXP 	grating: color = '[ 0.1  0.1  0.1] (rgb)'
134.3803 	EXP 	grating: pos = array([-5.,  0.])
134.3803 	EXP 	grating: sf = array([ 8.,  8.])
134.3803 	EXP 	window1: recordFrameIntervals = False
134.6472 	EXP 	fixation: autoDraw = True
134.8875 	EXP 	grating: autoDraw = True
134.9811 	DATA 	Keypress: right
134.9821 	EXP 	window1: recordFrameIntervals = False
134.9943 	EXP 	grating: autoDraw = False
134.9943 	EXP 	fixation: autoDraw = False
134.9943 	EXP 	grating: color = '[ 0.00630957  0.00630957  0.00630957] (rgb)'
134.9943 	EXP 	grating: pos = array([ 5.,  0.])
134.9943 	EXP 	grating: sf = array([ 8.,  8.])
134.9943 	EXP 	window1: recordFrameIntervals = False
135.2479 	EXP 	fixation: autoDraw = True
135.5015 	EXP 	grating: autoDraw = True
135.6349 	EXP 	grating: autoDraw = False
136.0088 	DATA 	Keypress: left
136.0098 	EXP 	window1: recordFrameIntervals = False
136.0220 	EXP 	grating: autoDraw = False
136.0220 	EXP 	fixation: autoDraw = False
136.0220 	EXP 	grating: color = '[ 0.00794328  0.00794328  0.00794328] (rgb)'
136.0220 	EXP 	grating: pos = array([ 5.,  0.])
136.0220 	EXP 	grating: sf = array([ 2.,  2.])
136.0221 	EXP 	window1: recordFrameIntervals = False
136.2890 	EXP 	fixation: autoDraw = True
136.5292 	EXP 	grating: autoDraw = True
136.6627 	EXP 	grating: autoDraw = False
136.6762 	DATA 	Keypress: left
136.6772 	EXP 	window1: recordFrameIntervals = False
136.6894 	EXP 	grating: autoDraw = False
136.6894 	EXP 	fixation: autoDraw = False
136.6894 	EXP 	grating: color = '[ 0.11220185  0.11220185  0.11220185] (rgb)'
136.6894 	EXP 	grating: pos = array([ 5.,  0.])
136.6894 	EXP 	grating: sf = array([ 8.,  8.])
136.6894 	EXP 	window1: recordFrameIntervals = False
136.9564 	EXP 	fixation: autoDraw = True
137.1966 	EXP 	grating: autoDraw = True
137.3301 	EXP 	grating: autoDraw = False
137.3970 	DATA 	Keypress: left
137.3979 	EXP 	window1: recordFrameIntervals = False
137.4101 	EXP 	grating: autoDraw = False
137.4101 	EXP 	fixation: autoDraw = False
137.4101 	EXP 	grating: color = '[ 0.01412538  0.01412538  0.01412538] (rgb)'
137.4101 	EXP 	grating: pos = array([ 5.,  0.])
137.4101 	EXP 	grating: sf = array([ 2.,  2.])
137.4102 	EXP 	window1: recordFrameIntervals = False
137.6771 	EXP 	fixation: autoDraw = True
137.9173 	EXP 	grating: autoDraw = True
138.0508 	EXP 	grating: autoDraw = False
138.2646 	DATA 	Keypress: right
138.2656 	EXP 	window1: recordFrameIntervals = False
138.2777 	EXP 	grating: autoDraw = False
138.2777 	EXP 	fixation: autoDraw = False
138.2777 	EXP 	grating: color = '[ 0.00794328  0.00794328  0.00794328] (rgb)'
138.2777 	EXP 	grating: pos = array([ 5.,  0.])
138.2777 	EXP 	grating: sf = array([ 8.,  8.])
138.2777 	EXP 	window1: recordFrameIntervals = False
138.5313 	EXP 	fixation: autoDraw = True
138.7849 	EXP 	grating: autoDraw = True
138.9184 	EXP 	grating: autoDraw = False
139.0653 	DATA 	Keypress: left
139.0663 	EXP 	window1: recordFrameIntervals = False
139.0786 	EXP 	grating: autoDraw = False
139.0786 	EXP 	fixation: autoDraw = False
139.0786 	EXP 	grating: color = '[ 0.12589254  0.12589254  0.12589254] (rgb)'
139.0786 	EXP 	grating: pos = array([ 5.,  0.])
139.0786 	EXP 	grating: sf = array([ 8.,  8.])
139.0786 	EXP 	window1: recordFrameIntervals = False
139.3322 	EXP 	fixation: autoDraw = True
139.5857 	EXP 	grating: autoDraw = True
139.7192 	EXP 	grating: autoDraw = False
140.0931 	DATA 	Keypress: right
140.0941 	EXP 	window1: recordFrameIntervals = False
140.1063 	EXP 	grating: autoDraw = False
140.1063 	EXP 	fixation: autoDraw = False
140.1063 	EXP 	grating: color = '[ 0.01258925  0.01258925  0.01258925] (rgb)'
140.1063 	EXP 	grating: pos = array([-5.,  0.])
140.1063 	EXP 	grating: sf = array([ 2.,  2.])
140.1064 	EXP 	window1: recordFrameIntervals = False
140.3733 	EXP 	fixation: autoDraw = True
140.6135 	EXP 	grating: autoDraw = True
140.7470 	EXP 	grating: autoDraw = False
141.6681 	DATA 	Keypress: left
141.6691 	EXP 	window1: recordFrameIntervals = False
141.6813 	EXP 	grating: autoDraw = False
141.6813 	EXP 	fixation: autoDraw = False
141.6813 	EXP 	grating: color = '[ 0.00891251  0.00891251  0.00891251] (rgb)'
141.6813 	EXP 	grating: pos = array([-5.,  0.])
141.6813 	EXP 	grating: sf = array([ 2.,  2.])
141.6813 	EXP 	window1: recordFrameIntervals = False
141.9482 	EXP 	fixation: autoDraw = True
142.1885 	EXP 	grating: autoDraw = True
142.2420 	DATA 	Keypress: right
142.2430 	EXP 	window1: recordFrameIntervals = False
142.2552 	EXP 	grating: autoDraw = False
142.2552 	EXP 	fixation: autoDraw = False
142.2552 	EXP 	grating: color = '[ 0.01  0.01  0.01] (rgb)'
142.2552 	EXP 	grating: pos = array([ 5.,  0.])
142.2552 	EXP 	grating: sf = array([ 2.,  2.])
142.2553 	EXP 	window1: recordFrameIntervals = False
142.5088 	EXP 	fixation: autoDraw = True
142.7624 	EXP 	grating: autoDraw = True
142.8959 	EXP 	grating: autoDraw = False
143.0162 	DATA 	Keypress: right
143.0172 	EXP 	window1: recordFrameIntervals = False
143.0294 	EXP 	grating: autoDraw = False
143.0294 	EXP 	fixation: autoDraw = False
143.0294 	EXP 	grating: color = '[ 0.01  0.01  0.01] (rgb)'
143.0294 	EXP 	grating: pos = array([-5.,  0.])
143.0294 	EXP 	grating: sf = array([ 8.,  8.])
143.0294 	EXP 	window1: recordFrameIntervals = False
143.2830 	EXP 	fixation: autoDraw = True
143.5366 	EXP 	grating: autoDraw = True
143.6700 	EXP 	grating: autoDraw = False
143.6969 	DATA 	Keypress: right
143.6979 	EXP 	window1: recordFrameIntervals = False
143.7101 	EXP 	grating: autoDraw = False
143.7101 	EXP 	fixation: autoDraw = False
143.7101 	EXP 	grating: color = '[ 0.12589254  0.12589254  0.12589254] (rgb)'
143.7101 	EXP 	grating: pos = array([ 5.,  0.])
143.7101 	EXP 	grating: sf = array([ 8.,  8.])
143.7102 	EXP 	window1: recordFrameIntervals = False
143.9637 	EXP 	fixation: autoDraw = True
144.2173 	EXP 	grating: autoDraw = True
144.3507 	EXP 	grating: autoDraw = False
144.3776 	DATA 	Keypress: right
144.3786 	EXP 	window1: recordFrameIntervals = False
144.3908 	EXP 	grating: autoDraw = False
144.3908 	EXP 	fixation: autoDraw = False
144.3908 	EXP 	grating: color = '[ 0.01258925  0.01258925  0.01258925] (rgb)'
144.3908 	EXP 	grating: pos = array([ 5.,  0.])
144.3908 	EXP 	grating: sf = array([ 2.,  2.])
144.3909 	EXP 	window1: recordFrameIntervals = False
144.6578 	EXP 	fixation: autoDraw = True
144.8980 	EXP 	grating: autoDraw = True
145.0315 	EXP 	grating: autoDraw = False
145.0450 	DATA 	Keypress: right
145.0460 	EXP 	window1: recordFrameIntervals = False
145.0582 	EXP 	grating: autoDraw = False
145.0582 	EXP 	fixation: autoDraw = False
145.0582 	EXP 	grating: color = '[ 0.01258925  0.01258925  0.01258925] (rgb)'
145.0582 	EXP 	grating: pos = array([ 5.,  0.])
145.0582 	EXP 	grating: sf = array([ 8.,  8.])
145.0582 	EXP 	window1: recordFrameIntervals = False
145.3251 	EXP 	fixation: autoDraw = True
145.5654 	EXP 	grating: autoDraw = True
145.6725 	DATA 	Keypress: right
145.6865 	EXP 	window1: recordFrameIntervals = False
145.6989 	EXP 	grating: autoDraw = False
145.6989 	EXP 	grating: autoDraw = False
145.6989 	EXP 	fixation: autoDraw = False
145.6989 	EXP 	grating: color = '[ 0.01258925  0.01258925  0.01258925] (rgb)'
145.6989 	EXP 	grating: pos = array([-5.,  0.])
145.6989 	EXP 	grating: sf = array([ 2.,  2.])
145.6989 	EXP 	window1: recordFrameIntervals = False
145.9525 	EXP 	fixation: autoDraw = True
146.2060 	EXP 	grating: autoDraw = True
146.3395 	EXP 	grating: autoDraw = False
146.3931 	DATA 	Keypress: right
146.3942 	EXP 	window1: recordFrameIntervals = False
146.4062 	EXP 	grating: autoDraw = False
146.4062 	EXP 	fixation: autoDraw = False
146.4062 	EXP 	grating: color = '[ 0.12589254  0.12589254  0.12589254] (rgb)'
146.4062 	EXP 	grating: pos = array([ 5.,  0.])
146.4062 	EXP 	grating: sf = array([ 8.,  8.])
146.4063 	EXP 	window1: recordFrameIntervals = False
146.6732 	EXP 	fixation: autoDraw = True
146.9135 	EXP 	grating: autoDraw = True
147.0469 	EXP 	grating: autoDraw = False
147.1005 	DATA 	Keypress: right
147.1015 	EXP 	window1: recordFrameIntervals = False
147.1136 	EXP 	grating: autoDraw = False
147.1136 	EXP 	fixation: autoDraw = False
147.1136 	EXP 	grating: color = '[ 0.01  0.01  0.01] (rgb)'
147.1136 	EXP 	grating: pos = array([-5.,  0.])
147.1136 	EXP 	grating: sf = array([ 2.,  2.])
147.1137 	EXP 	window1: recordFrameIntervals = False
147.3806 	EXP 	fixation: autoDraw = True
147.6209 	EXP 	grating: autoDraw = True
147.7543 	EXP 	grating: autoDraw = False
147.8746 	DATA 	Keypress: right
147.8756 	EXP 	window1: recordFrameIntervals = False
147.8878 	EXP 	grating: autoDraw = False
147.8878 	EXP 	fixation: autoDraw = False
147.8878 	EXP 	grating: color = '[ 0.01412538  0.01412538  0.01412538] (rgb)'
147.8878 	EXP 	grating: pos = array([ 5.,  0.])
147.8878 	EXP 	grating: sf = array([ 2.,  2.])
147.8879 	EXP 	window1: recordFrameIntervals = False
148.1414 	EXP 	fixation: autoDraw = True
148.3950 	EXP 	grating: autoDraw = True
148.5285 	EXP 	grating: autoDraw = False
148.6221 	DATA 	Keypress: right
148.6231 	EXP 	window1: recordFrameIntervals = False
148.6353 	EXP 	grating: autoDraw = False
148.6353 	EXP 	fixation: autoDraw = False
148.6353 	EXP 	grating: color = '[ 0.01258925  0.01258925  0.01258925] (rgb)'
148.6353 	EXP 	grating: pos = array([-5.,  0.])
148.6353 	EXP 	grating: sf = array([ 8.,  8.])
148.6353 	EXP 	window1: recordFrameIntervals = False
148.8889 	EXP 	fixation: autoDraw = True
149.1425 	EXP 	grating: autoDraw = True
149.2759 	EXP 	grating: autoDraw = False
149.4496 	DATA 	Keypress: left
149.4506 	EXP 	window1: recordFrameIntervals = False
149.4628 	EXP 	grating: autoDraw = False
149.4628 	EXP 	fixation: autoDraw = False
149.4628 	EXP 	grating: color = '[ 0.11220185  0.11220185  0.11220185] (rgb)'
149.4628 	EXP 	grating: pos = array([-5.,  0.])
149.4628 	EXP 	grating: sf = array([ 8.,  8.])
149.4629 	EXP 	window1: recordFrameIntervals = False
149.7164 	EXP 	fixation: autoDraw = True
149.9700 	EXP 	grating: autoDraw = True
150.1034 	EXP 	grating: autoDraw = False
150.1036 	DATA 	Keypress: right
150.1046 	EXP 	window1: recordFrameIntervals = False
150.1168 	EXP 	grating: autoDraw = False
150.1168 	EXP 	fixation: autoDraw = False
150.1168 	EXP 	grating: color = '[ 0.01122018  0.01122018  0.01122018] (rgb)'
150.1168 	EXP 	grating: pos = array([-5.,  0.])
150.1168 	EXP 	grating: sf = array([ 2.,  2.])
150.1169 	EXP 	window1: recordFrameIntervals = False
150.3838 	EXP 	fixation: autoDraw = True
150.6241 	EXP 	grating: autoDraw = True
150.7575 	EXP 	grating: autoDraw = False
150.9579 	DATA 	Keypress: left
150.9589 	EXP 	window1: recordFrameIntervals = False
150.9710 	EXP 	grating: autoDraw = False
150.9710 	EXP 	fixation: autoDraw = False
150.9710 	EXP 	grating: color = '[ 0.12589254  0.12589254  0.12589254] (rgb)'
150.9710 	EXP 	grating: pos = array([-5.,  0.])
150.9710 	EXP 	grating: sf = array([ 8.,  8.])
150.9711 	EXP 	window1: recordFrameIntervals = False
151.2380 	EXP 	fixation: autoDraw = True
151.4783 	EXP 	grating: autoDraw = True
151.6117 	EXP 	grating: autoDraw = False
151.7320 	DATA 	Keypress: left
151.7330 	EXP 	window1: recordFrameIntervals = False
151.7452 	EXP 	grating: autoDraw = False
151.7452 	EXP 	fixation: autoDraw = False
151.7452 	EXP 	grating: color = '[ 0.01122018  0.01122018  0.01122018] (rgb)'
151.7452 	EXP 	grating: pos = array([-5.,  0.])
151.7452 	EXP 	grating: sf = array([ 2.,  2.])
151.7453 	EXP 	window1: recordFrameIntervals = False
151.9988 	EXP 	fixation: autoDraw = True
152.2524 	EXP 	grating: autoDraw = True
152.3858 	EXP 	grating: autoDraw = False
152.5328 	DATA 	Keypress: left
152.5338 	EXP 	window1: recordFrameIntervals = False
152.5460 	EXP 	grating: autoDraw = False
152.5460 	EXP 	fixation: autoDraw = False
152.5460 	EXP 	grating: color = '[ 0.01258925  0.01258925  0.01258925] (rgb)'
152.5460 	EXP 	grating: pos = array([-5.,  0.])
152.5460 	EXP 	grating: sf = array([ 8.,  8.])
152.5461 	EXP 	window1: recordFrameIntervals = False
152.7996 	EXP 	fixation: autoDraw = True
153.0533 	EXP 	grating: autoDraw = True
153.1867 	EXP 	grating: autoDraw = False
153.5072 	DATA 	Keypress: left
153.5082 	EXP 	window1: recordFrameIntervals = False
153.5204 	EXP 	grating: autoDraw = False
153.5204 	EXP 	fixation: autoDraw = False
153.5204 	EXP 	grating: color = '[ 0.01412538  0.01412538  0.01412538] (rgb)'
153.5204 	EXP 	grating: pos = array([ 5.,  0.])
153.5204 	EXP 	grating: sf = array([ 2.,  2.])
153.5205 	EXP 	window1: recordFrameIntervals = False
153.7740 	EXP 	fixation: autoDraw = True
154.0276 	EXP 	grating: autoDraw = True
154.1611 	EXP 	grating: autoDraw = False
154.4415 	DATA 	Keypress: right
154.4425 	EXP 	window1: recordFrameIntervals = False
154.4547 	EXP 	grating: autoDraw = False
154.4547 	EXP 	fixation: autoDraw = False
154.4547 	EXP 	grating: color = '[ 0.01412538  0.01412538  0.01412538] (rgb)'
154.4547 	EXP 	grating: pos = array([-5.,  0.])
154.4547 	EXP 	grating: sf = array([ 2.,  2.])
154.4548 	EXP 	window1: recordFrameIntervals = False
154.7083 	EXP 	fixation: autoDraw = True
154.9619 	EXP 	grating: autoDraw = True
155.0288 	DATA 	Keypress: left
155.0298 	EXP 	window1: recordFrameIntervals = False
155.0419 	EXP 	grating: autoDraw = False
155.0419 	EXP 	fixation: autoDraw = False
155.0419 	EXP 	grating: color = '[ 0.01  0.01  0.01] (rgb)'
155.0419 	EXP 	grating: pos = array([-5.,  0.])
155.0419 	EXP 	grating: sf = array([ 8.,  8.])
155.0420 	EXP 	window1: recordFrameIntervals = False
155.2956 	EXP 	fixation: autoDraw = True
155.5492 	EXP 	grating: autoDraw = True
155.6827 	EXP 	grating: autoDraw = False
155.6829 	DATA 	Keypress: left
155.6839 	EXP 	window1: recordFrameIntervals = False
155.6960 	EXP 	grating: autoDraw = False
155.6960 	EXP 	fixation: autoDraw = False
155.6960 	EXP 	grating: color = '[ 0.12589254  0.12589254  0.12589254] (rgb)'
155.6960 	EXP 	grating: pos = array([ 5.,  0.])
155.6960 	EXP 	grating: sf = array([ 8.,  8.])
155.6961 	EXP 	window1: recordFrameIntervals = False
155.9496 	EXP 	fixation: autoDraw = True
156.1633 	DATA 	Keypress: left
156.2032 	EXP 	grating: autoDraw = True
156.3367 	EXP 	grating: autoDraw = False
157.4980 	DATA 	Keypress: right
157.4991 	EXP 	window1: recordFrameIntervals = False
157.5112 	EXP 	grating: autoDraw = False
157.5112 	EXP 	fixation: autoDraw = False
157.5112 	EXP 	grating: color = '[ 0.01122018  0.01122018  0.01122018] (rgb)'
157.5112 	EXP 	grating: pos = array([-5.,  0.])
157.5112 	EXP 	grating: sf = array([ 2.,  2.])
157.5113 	EXP 	window1: recordFrameIntervals = False
157.7649 	EXP 	fixation: autoDraw = True
158.0185 	EXP 	grating: autoDraw = True
158.1519 	EXP 	grating: autoDraw = False
158.6993 	DATA 	Keypress: right
158.7004 	EXP 	window1: recordFrameIntervals = False
158.7125 	EXP 	grating: autoDraw = False
158.7125 	EXP 	fixation: autoDraw = False
158.7125 	EXP 	grating: color = '[ 0.12589254  0.12589254  0.12589254] (rgb)'
158.7125 	EXP 	grating: pos = array([ 5.,  0.])
158.7125 	EXP 	grating: sf = array([ 8.,  8.])
158.7126 	EXP 	window1: recordFrameIntervals = False
158.9662 	EXP 	fixation: autoDraw = True
159.2197 	EXP 	grating: autoDraw = True
159.3532 	EXP 	grating: autoDraw = False
159.4068 	DATA 	Keypress: right
159.4078 	EXP 	window1: recordFrameIntervals = False
159.4200 	EXP 	grating: autoDraw = False
159.4200 	EXP 	fixation: autoDraw = False
159.4200 	EXP 	grating: color = '[ 0.01  0.01  0.01] (rgb)'
159.4200 	EXP 	grating: pos = array([ 5.,  0.])
159.4200 	EXP 	grating: sf = array([ 8.,  8.])
159.4200 	EXP 	window1: recordFrameIntervals = False
159.6869 	EXP 	fixation: autoDraw = True
159.9271 	EXP 	grating: autoDraw = True
160.0606 	EXP 	grating: autoDraw = False
160.3945 	DATA 	Keypress: right
160.3956 	EXP 	window1: recordFrameIntervals = False
160.4076 	EXP 	grating: autoDraw = False
160.4076 	EXP 	fixation: autoDraw = False
160.4076 	EXP 	grating: color = '[ 0.01258925  0.01258925  0.01258925] (rgb)'
160.4076 	EXP 	grating: pos = array([-5.,  0.])
160.4076 	EXP 	grating: sf = array([ 2.,  2.])
160.4077 	EXP 	window1: recordFrameIntervals = False
160.6746 	EXP 	fixation: autoDraw = True
160.9149 	EXP 	grating: autoDraw = True
161.0483 	EXP 	grating: autoDraw = False
161.1953 	DATA 	Keypress: right
161.1963 	EXP 	window1: recordFrameIntervals = False
161.2085 	EXP 	grating: autoDraw = False
161.2085 	EXP 	fixation: autoDraw = False
161.2085 	EXP 	grating: color = '[ 0.01258925  0.01258925  0.01258925] (rgb)'
161.2085 	EXP 	grating: pos = array([ 5.,  0.])
161.2085 	EXP 	grating: sf = array([ 2.,  2.])
161.2086 	EXP 	window1: recordFrameIntervals = False
161.4754 	EXP 	fixation: autoDraw = True
161.7157 	EXP 	grating: autoDraw = True
161.8492 	EXP 	grating: autoDraw = False
161.9694 	DATA 	Keypress: left
161.9704 	EXP 	window1: recordFrameIntervals = False
161.9826 	EXP 	grating: autoDraw = False
161.9826 	EXP 	fixation: autoDraw = False
161.9826 	EXP 	grating: color = '[ 0.11220185  0.11220185  0.11220185] (rgb)'
161.9826 	EXP 	grating: pos = array([-5.,  0.])
161.9826 	EXP 	grating: sf = array([ 8.,  8.])
161.9827 	EXP 	window1: recordFrameIntervals = False
162.2363 	EXP 	fixation: autoDraw = True
162.4899 	EXP 	grating: autoDraw = True
162.6233 	EXP 	grating: autoDraw = False
162.8504 	DATA 	Keypress: left
162.8514 	EXP 	window1: recordFrameIntervals = False
162.8636 	EXP 	grating: autoDraw = False
162.8636 	EXP 	fixation: autoDraw = False
162.8636 	EXP 	grating: color = '[ 0.01  0.01  0.01] (rgb)'
162.8636 	EXP 	grating: pos = array([ 5.,  0.])
162.8636 	EXP 	grating: sf = array([ 8.,  8.])
162.8636 	EXP 	window1: recordFrameIntervals = False
163.1172 	EXP 	fixation: autoDraw = True
163.3707 	EXP 	grating: autoDraw = True
163.5042 	EXP 	grating: autoDraw = False
163.7981 	DATA 	Keypress: left
163.7991 	EXP 	window1: recordFrameIntervals = False
163.8112 	EXP 	grating: autoDraw = False
163.8112 	EXP 	fixation: autoDraw = False
163.8112 	EXP 	grating: color = '[ 0.01412538  0.01412538  0.01412538] (rgb)'
163.8112 	EXP 	grating: pos = array([-5.,  0.])
163.8112 	EXP 	grating: sf = array([ 2.,  2.])
163.8112 	EXP 	window1: recordFrameIntervals = False
164.0648 	EXP 	fixation: autoDraw = True
164.3184 	EXP 	grating: autoDraw = True
164.4519 	EXP 	grating: autoDraw = False
164.6122 	DATA 	Keypress: left
164.6132 	EXP 	window1: recordFrameIntervals = False
164.6254 	EXP 	grating: autoDraw = False
164.6254 	EXP 	fixation: autoDraw = False
164.6254 	EXP 	grating: color = '[ 0.01412538  0.01412538  0.01412538] (rgb)'
164.6254 	EXP 	grating: pos = array([ 5.,  0.])
164.6254 	EXP 	grating: sf = array([ 2.,  2.])
164.6255 	EXP 	window1: recordFrameIntervals = False
164.8924 	EXP 	fixation: autoDraw = True
165.1326 	EXP 	grating: autoDraw = True
165.2660 	EXP 	grating: autoDraw = False
165.5732 	DATA 	Keypress: right
165.5742 	EXP 	window1: recordFrameIntervals = False
165.5864 	EXP 	grating: autoDraw = False
165.5864 	EXP 	fixation: autoDraw = False
165.5864 	EXP 	grating: color = '[ 0.01412538  0.01412538  0.01412538] (rgb)'
165.5864 	EXP 	grating: pos = array([-5.,  0.])
165.5864 	EXP 	grating: sf = array([ 2.,  2.])
165.5865 	EXP 	window1: recordFrameIntervals = False
165.8400 	EXP 	fixation: autoDraw = True
166.0936 	EXP 	grating: autoDraw = True
166.2271 	EXP 	grating: autoDraw = False
166.4274 	DATA 	Keypress: left
166.4284 	EXP 	window1: recordFrameIntervals = False
166.4406 	EXP 	grating: autoDraw = False
166.4406 	EXP 	fixation: autoDraw = False
166.4406 	EXP 	grating: color = '[ 0.11220185  0.11220185  0.11220185] (rgb)'
166.4406 	EXP 	grating: pos = array([-5.,  0.])
166.4406 	EXP 	grating: sf = array([ 8.,  8.])
166.4407 	EXP 	window1: recordFrameIntervals = False
166.6943 	EXP 	fixation: autoDraw = True
166.9479 	EXP 	grating: autoDraw = True
167.0813 	EXP 	grating: autoDraw = False
167.2016 	DATA 	Keypress: left
167.2026 	EXP 	window1: recordFrameIntervals = False
167.2148 	EXP 	grating: autoDraw = False
167.2148 	EXP 	fixation: autoDraw = False
167.2148 	EXP 	grating: color = '[ 0.01412538  0.01412538  0.01412538] (rgb)'
167.2148 	EXP 	grating: pos = array([-5.,  0.])
167.2148 	EXP 	grating: sf = array([ 2.,  2.])
167.2148 	EXP 	window1: recordFrameIntervals = False
167.4817 	EXP 	fixation: autoDraw = True
167.7220 	EXP 	grating: autoDraw = True
167.8555 	EXP 	grating: autoDraw = False
167.8823 	DATA 	Keypress: left
167.8833 	EXP 	window1: recordFrameIntervals = False
167.8955 	EXP 	grating: autoDraw = False
167.8955 	EXP 	fixation: autoDraw = False
167.8955 	EXP 	grating: color = '[ 0.01122018  0.01122018  0.01122018] (rgb)'
167.8955 	EXP 	grating: pos = array([ 5.,  0.])
167.8955 	EXP 	grating: sf = array([ 8.,  8.])
167.8956 	EXP 	window1: recordFrameIntervals = False
168.1625 	EXP 	fixation: autoDraw = True
168.4027 	EXP 	grating: autoDraw = True
168.5362 	EXP 	grating: autoDraw = False
168.6831 	DATA 	Keypress: left
168.6841 	EXP 	window1: recordFrameIntervals = False
168.6964 	EXP 	grating: autoDraw = False
168.6964 	EXP 	fixation: autoDraw = False
168.6964 	EXP 	grating: color = '[ 0.11220185  0.11220185  0.11220185] (rgb)'
168.6964 	EXP 	grating: pos = array([-5.,  0.])
168.6964 	EXP 	grating: sf = array([ 8.,  8.])
168.6964 	EXP 	window1: recordFrameIntervals = False
168.9499 	EXP 	fixation: autoDraw = True
169.2036 	EXP 	grating: autoDraw = True
169.3370 	EXP 	grating: autoDraw = False
169.4439 	DATA 	Keypress: left
169.4449 	EXP 	window1: recordFrameIntervals = False
169.4572 	EXP 	grating: autoDraw = False
169.4572 	EXP 	fixation: autoDraw = False
169.4572 	EXP 	grating: color = '[ 0.01412538  0.01412538  0.01412538] (rgb)'
169.4572 	EXP 	grating: pos = array([ 5.,  0.])
169.4572 	EXP 	grating: sf = array([ 2.,  2.])
169.4572 	EXP 	window1: recordFrameIntervals = False
169.7108 	EXP 	fixation: autoDraw = True
169.9643 	EXP 	grating: autoDraw = True
170.0978 	EXP 	grating: autoDraw = False
170.1380 	DATA 	Keypress: left
170.1390 	EXP 	window1: recordFrameIntervals = False
170.1512 	EXP 	grating: autoDraw = False
170.1512 	EXP 	fixation: autoDraw = False
170.1512 	EXP 	grating: color = '[ 0.01258925  0.01258925  0.01258925] (rgb)'
170.1512 	EXP 	grating: pos = array([ 5.,  0.])
170.1512 	EXP 	grating: sf = array([ 8.,  8.])
170.1513 	EXP 	window1: recordFrameIntervals = False
170.4048 	EXP 	fixation: autoDraw = True
170.6584 	EXP 	grating: autoDraw = True
170.7919 	EXP 	grating: autoDraw = False
171.2726 	DATA 	Keypress: right
171.2735 	EXP 	window1: recordFrameIntervals = False
171.2857 	EXP 	grating: autoDraw = False
171.2857 	EXP 	fixation: autoDraw = False
171.2857 	EXP 	grating: color = '[ 0.01412538  0.01412538  0.01412538] (rgb)'
171.2857 	EXP 	grating: pos = array([-5.,  0.])
171.2857 	EXP 	grating: sf = array([ 2.,  2.])
171.2858 	EXP 	window1: recordFrameIntervals = False
171.5526 	EXP 	fixation: autoDraw = True
171.7929 	EXP 	grating: autoDraw = True
171.9264 	EXP 	grating: autoDraw = False
172.0066 	DATA 	Keypress: right
172.0077 	EXP 	window1: recordFrameIntervals = False
172.0198 	EXP 	grating: autoDraw = False
172.0198 	EXP 	fixation: autoDraw = False
172.0198 	EXP 	grating: color = '[ 0.01584893  0.01584893  0.01584893] (rgb)'
172.0198 	EXP 	grating: pos = array([ 5.,  0.])
172.0198 	EXP 	grating: sf = array([ 2.,  2.])
172.0199 	EXP 	window1: recordFrameIntervals = False
172.2734 	EXP 	fixation: autoDraw = True
172.5270 	EXP 	grating: autoDraw = True
172.6605 	EXP 	grating: autoDraw = False
172.6740 	DATA 	Keypress: right
172.6750 	EXP 	window1: recordFrameIntervals = False
172.6872 	EXP 	grating: autoDraw = False
172.6872 	EXP 	fixation: autoDraw = False
172.6872 	EXP 	grating: color = '[ 0.01584893  0.01584893  0.01584893] (rgb)'
172.6872 	EXP 	grating: pos = array([-5.,  0.])
172.6872 	EXP 	grating: sf = array([ 2.,  2.])
172.6872 	EXP 	window1: recordFrameIntervals = False
172.9408 	EXP 	fixation: autoDraw = True
173.1944 	EXP 	grating: autoDraw = True
173.3147 	DATA 	Keypress: right
173.3157 	EXP 	window1: recordFrameIntervals = False
173.3279 	EXP 	grating: autoDraw = False
173.3279 	EXP 	grating: autoDraw = False
173.3279 	EXP 	fixation: autoDraw = False
173.3279 	EXP 	grating: color = '[ 0.1  0.1  0.1] (rgb)'
173.3279 	EXP 	grating: pos = array([ 5.,  0.])
173.3279 	EXP 	grating: sf = array([ 8.,  8.])
173.3279 	EXP 	window1: recordFrameIntervals = False
173.5815 	EXP 	fixation: autoDraw = True
173.8351 	EXP 	grating: autoDraw = True
173.9685 	EXP 	grating: autoDraw = False
174.1155 	DATA 	Keypress: left
174.1166 	EXP 	window1: recordFrameIntervals = False
174.1287 	EXP 	grating: autoDraw = False
174.1287 	EXP 	fixation: autoDraw = False
174.1287 	EXP 	grating: color = '[ 0.01258925  0.01258925  0.01258925] (rgb)'
174.1287 	EXP 	grating: pos = array([ 5.,  0.])
174.1287 	EXP 	grating: sf = array([ 8.,  8.])
174.1288 	EXP 	window1: recordFrameIntervals = False
174.3823 	EXP 	fixation: autoDraw = True
174.6359 	EXP 	grating: autoDraw = True
174.7694 	EXP 	grating: autoDraw = False
174.9564 	DATA 	Keypress: left
174.9574 	EXP 	window1: recordFrameIntervals = False
174.9696 	EXP 	grating: autoDraw = False
174.9696 	EXP 	fixation: autoDraw = False
174.9696 	EXP 	grating: color = '[ 0.11220185  0.11220185  0.11220185] (rgb)'
174.9696 	EXP 	grating: pos = array([-5.,  0.])
174.9696 	EXP 	grating: sf = array([ 8.,  8.])
174.9696 	EXP 	window1: recordFrameIntervals = False
175.2365 	EXP 	fixation: autoDraw = True
175.4768 	EXP 	grating: autoDraw = True
175.6103 	EXP 	grating: autoDraw = False
176.5047 	DATA 	Keypress: left
176.5056 	EXP 	window1: recordFrameIntervals = False
176.5179 	EXP 	grating: autoDraw = False
176.5179 	EXP 	fixation: autoDraw = False
176.5179 	EXP 	grating: color = '[ 0.01584893  0.01584893  0.01584893] (rgb)'
176.5179 	EXP 	grating: pos = array([ 5.,  0.])
176.5179 	EXP 	grating: sf = array([ 2.,  2.])
176.5179 	EXP 	window1: recordFrameIntervals = False
176.7715 	EXP 	fixation: autoDraw = True
177.0251 	EXP 	grating: autoDraw = True
177.1586 	EXP 	grating: autoDraw = False
177.5725 	DATA 	Keypress: right
177.5735 	EXP 	window1: recordFrameIntervals = False
177.5857 	EXP 	grating: autoDraw = False
177.5857 	EXP 	fixation: autoDraw = False
177.5857 	EXP 	grating: color = '[ 0.01778279  0.01778279  0.01778279] (rgb)'
177.5857 	EXP 	grating: pos = array([ 5.,  0.])
177.5857 	EXP 	grating: sf = array([ 2.,  2.])
177.5857 	EXP 	window1: recordFrameIntervals = False
177.8526 	EXP 	fixation: autoDraw = True
178.0929 	EXP 	grating: autoDraw = True
178.2263 	EXP 	grating: autoDraw = False
178.9873 	DATA 	Keypress: right
178.9882 	EXP 	window1: recordFrameIntervals = False
179.0005 	EXP 	grating: autoDraw = False
179.0005 	EXP 	fixation: autoDraw = False
179.0005 	EXP 	grating: color = '[ 0.01412538  0.01412538  0.01412538] (rgb)'
179.0005 	EXP 	grating: pos = array([ 5.,  0.])
179.0005 	EXP 	grating: sf = array([ 8.,  8.])
179.0005 	EXP 	window1: recordFrameIntervals = False
179.2675 	EXP 	fixation: autoDraw = True
179.5077 	EXP 	grating: autoDraw = True
179.6412 	EXP 	grating: autoDraw = False
179.8683 	DATA 	Keypress: right
179.8693 	EXP 	window1: recordFrameIntervals = False
179.8814 	EXP 	grating: autoDraw = False
179.8814 	EXP 	fixation: autoDraw = False
179.8814 	EXP 	grating: color = '[ 0.01778279  0.01778279  0.01778279] (rgb)'
179.8814 	EXP 	grating: pos = array([-5.,  0.])
179.8814 	EXP 	grating: sf = array([ 2.,  2.])
179.8815 	EXP 	window1: recordFrameIntervals = False
180.1350 	EXP 	fixation: autoDraw = True
180.3886 	EXP 	grating: autoDraw = True
180.5221 	EXP 	grating: autoDraw = False
181.3364 	DATA 	Keypress: left
181.3375 	EXP 	window1: recordFrameIntervals = False
181.3496 	EXP 	grating: autoDraw = False
181.3496 	EXP 	fixation: autoDraw = False
181.3496 	EXP 	grating: color = '[ 0.11220185  0.11220185  0.11220185] (rgb)'
181.3496 	EXP 	grating: pos = array([-5.,  0.])
181.3496 	EXP 	grating: sf = array([ 8.,  8.])
181.3497 	EXP 	window1: recordFrameIntervals = False
181.6032 	EXP 	fixation: autoDraw = True
181.8569 	EXP 	grating: autoDraw = True
181.9903 	EXP 	grating: autoDraw = False
182.1773 	DATA 	Keypress: left
182.1784 	EXP 	window1: recordFrameIntervals = False
182.1905 	EXP 	grating: autoDraw = False
182.1905 	EXP 	fixation: autoDraw = False
182.1905 	EXP 	grating: color = '[ 0.01584893  0.01584893  0.01584893] (rgb)'
182.1905 	EXP 	grating: pos = array([-5.,  0.])
182.1905 	EXP 	grating: sf = array([ 2.,  2.])
182.1906 	EXP 	window1: recordFrameIntervals = False
182.4441 	EXP 	fixation: autoDraw = True
182.6977 	EXP 	grating: autoDraw = True
182.8312 	EXP 	grating: autoDraw = False
182.9248 	DATA 	Keypress: left
182.9258 	EXP 	window1: recordFrameIntervals = False
182.9380 	EXP 	grating: autoDraw = False
182.9380 	EXP 	fixation: autoDraw = False
182.9380 	EXP 	grating: color = '[ 0.01412538  0.01412538  0.01412538] (rgb)'
182.9380 	EXP 	grating: pos = array([ 5.,  0.])
182.9380 	EXP 	grating: sf = array([ 8.,  8.])
182.9381 	EXP 	window1: recordFrameIntervals = False
183.1916 	EXP 	fixation: autoDraw = True
183.4452 	EXP 	grating: autoDraw = True
183.5786 	EXP 	grating: autoDraw = False
183.6722 	DATA 	Keypress: left
183.6732 	EXP 	window1: recordFrameIntervals = False
183.6854 	EXP 	grating: autoDraw = False
183.6854 	EXP 	fixation: autoDraw = False
183.6854 	EXP 	grating: color = '[ 0.01778279  0.01778279  0.01778279] (rgb)'
183.6854 	EXP 	grating: pos = array([ 5.,  0.])
183.6854 	EXP 	grating: sf = array([ 2.,  2.])
183.6855 	EXP 	window1: recordFrameIntervals = False
183.9390 	EXP 	fixation: autoDraw = True
184.1926 	EXP 	grating: autoDraw = True
184.3261 	EXP 	grating: autoDraw = False
184.8869 	DATA 	Keypress: right
184.8879 	EXP 	window1: recordFrameIntervals = False
184.9000 	EXP 	grating: autoDraw = False
184.9000 	EXP 	fixation: autoDraw = False
184.9000 	EXP 	grating: color = '[ 0.01584893  0.01584893  0.01584893] (rgb)'
184.9000 	EXP 	grating: pos = array([ 5.,  0.])
184.9000 	EXP 	grating: sf = array([ 8.,  8.])
184.9001 	EXP 	window1: recordFrameIntervals = False
185.1536 	EXP 	fixation: autoDraw = True
185.4072 	EXP 	grating: autoDraw = True
185.5407 	EXP 	grating: autoDraw = False
185.7144 	DATA 	Keypress: right
185.7154 	EXP 	window1: recordFrameIntervals = False
185.7275 	EXP 	grating: autoDraw = False
185.7275 	EXP 	fixation: autoDraw = False
185.7275 	EXP 	grating: color = '[ 0.11220185  0.11220185  0.11220185] (rgb)'
185.7275 	EXP 	grating: pos = array([-5.,  0.])
185.7275 	EXP 	grating: sf = array([ 8.,  8.])
185.7276 	EXP 	window1: recordFrameIntervals = False
185.9812 	EXP 	fixation: autoDraw = True
186.2348 	EXP 	grating: autoDraw = True
186.3682 	EXP 	grating: autoDraw = False
187.0892 	DATA 	Keypress: left
187.0902 	EXP 	window1: recordFrameIntervals = False
187.1024 	EXP 	grating: autoDraw = False
187.1024 	EXP 	fixation: autoDraw = False
187.1024 	EXP 	grating: color = '[ 0.01412538  0.01412538  0.01412538] (rgb)'
187.1024 	EXP 	grating: pos = array([ 5.,  0.])
187.1024 	EXP 	grating: sf = array([ 2.,  2.])
187.1024 	EXP 	window1: recordFrameIntervals = False
187.3693 	EXP 	fixation: autoDraw = True
187.6096 	EXP 	grating: autoDraw = True
187.7431 	EXP 	grating: autoDraw = False
187.8233 	DATA 	Keypress: left
187.8244 	EXP 	window1: recordFrameIntervals = False
187.8365 	EXP 	grating: autoDraw = False
187.8365 	EXP 	fixation: autoDraw = False
187.8365 	EXP 	grating: color = '[ 0.01584893  0.01584893  0.01584893] (rgb)'
187.8365 	EXP 	grating: pos = array([-5.,  0.])
187.8365 	EXP 	grating: sf = array([ 2.,  2.])
187.8365 	EXP 	window1: recordFrameIntervals = False
188.1034 	EXP 	fixation: autoDraw = True
188.3437 	EXP 	grating: autoDraw = True
188.4771 	EXP 	grating: autoDraw = False
188.5840 	DATA 	Keypress: left
188.5850 	EXP 	window1: recordFrameIntervals = False
188.5972 	EXP 	grating: autoDraw = False
188.5972 	EXP 	fixation: autoDraw = False
188.5972 	EXP 	grating: color = '[ 0.01584893  0.01584893  0.01584893] (rgb)'
188.5972 	EXP 	grating: pos = array([ 5.,  0.])
188.5972 	EXP 	grating: sf = array([ 8.,  8.])
188.5973 	EXP 	window1: recordFrameIntervals = False
188.8644 	EXP 	fixation: autoDraw = True
189.1045 	EXP 	grating: autoDraw = True
189.2379 	EXP 	grating: autoDraw = False
189.2647 	DATA 	Keypress: left
189.2657 	EXP 	window1: recordFrameIntervals = False
189.2780 	EXP 	grating: autoDraw = False
189.2780 	EXP 	fixation: autoDraw = False
189.2780 	EXP 	grating: color = '[ 0.01584893  0.01584893  0.01584893] (rgb)'
189.2780 	EXP 	grating: pos = array([ 5.,  0.])
189.2780 	EXP 	grating: sf = array([ 2.,  2.])
189.2780 	EXP 	window1: recordFrameIntervals = False
189.5316 	EXP 	fixation: autoDraw = True
189.7852 	EXP 	grating: autoDraw = True
189.9187 	EXP 	grating: autoDraw = False
190.1324 	DATA 	Keypress: right
190.1334 	EXP 	window1: recordFrameIntervals = False
190.1456 	EXP 	grating: autoDraw = False
190.1456 	EXP 	fixation: autoDraw = False
190.1456 	EXP 	grating: color = '[ 0.1  0.1  0.1] (rgb)'
190.1456 	EXP 	grating: pos = array([ 5.,  0.])
190.1456 	EXP 	grating: sf = array([ 8.,  8.])
190.1456 	EXP 	window1: recordFrameIntervals = False
190.3992 	EXP 	fixation: autoDraw = True
190.6528 	EXP 	grating: autoDraw = True
190.7862 	EXP 	grating: autoDraw = False
190.8264 	DATA 	Keypress: right
190.8274 	EXP 	window1: recordFrameIntervals = False
190.8396 	EXP 	grating: autoDraw = False
190.8396 	EXP 	fixation: autoDraw = False
190.8396 	EXP 	grating: color = '[ 0.01778279  0.01778279  0.01778279] (rgb)'
190.8396 	EXP 	grating: pos = array([-5.,  0.])
190.8396 	EXP 	grating: sf = array([ 8.,  8.])
190.8397 	EXP 	window1: recordFrameIntervals = False
191.0932 	EXP 	fixation: autoDraw = True
191.3468 	EXP 	grating: autoDraw = True
191.4803 	EXP 	grating: autoDraw = False
191.5872 	DATA 	Keypress: right
191.5882 	EXP 	window1: recordFrameIntervals = False
191.6004 	EXP 	grating: autoDraw = False
191.6004 	EXP 	fixation: autoDraw = False
191.6004 	EXP 	grating: color = '[ 0.01995262  0.01995262  0.01995262] (rgb)'
191.6004 	EXP 	grating: pos = array([ 5.,  0.])
191.6004 	EXP 	grating: sf = array([ 8.,  8.])
191.6004 	EXP 	window1: recordFrameIntervals = False
191.8540 	EXP 	fixation: autoDraw = True
192.1076 	EXP 	grating: autoDraw = True
192.2411 	EXP 	grating: autoDraw = False
192.2679 	DATA 	Keypress: right
192.2690 	EXP 	window1: recordFrameIntervals = False
192.2811 	EXP 	grating: autoDraw = False
192.2811 	EXP 	fixation: autoDraw = False
192.2811 	EXP 	grating: color = '[ 0.01995262  0.01995262  0.01995262] (rgb)'
192.2811 	EXP 	grating: pos = array([-5.,  0.])
192.2811 	EXP 	grating: sf = array([ 8.,  8.])
192.2812 	EXP 	window1: recordFrameIntervals = False
192.5480 	EXP 	fixation: autoDraw = True
192.7883 	EXP 	grating: autoDraw = True
192.9218 	EXP 	grating: autoDraw = False
193.0020 	DATA 	Keypress: left
193.0030 	EXP 	window1: recordFrameIntervals = False
193.0153 	EXP 	grating: autoDraw = False
193.0153 	EXP 	fixation: autoDraw = False
193.0153 	EXP 	grating: color = '[ 0.01995262  0.01995262  0.01995262] (rgb)'
193.0153 	EXP 	grating: pos = array([-5.,  0.])
193.0153 	EXP 	grating: sf = array([ 8.,  8.])
193.0153 	EXP 	window1: recordFrameIntervals = False
193.2689 	EXP 	fixation: autoDraw = True
193.5224 	EXP 	grating: autoDraw = True
193.6559 	EXP 	grating: autoDraw = False
193.6827 	DATA 	Keypress: left
193.6959 	EXP 	grating: autoDraw = False
193.6959 	EXP 	fixation: autoDraw = False
193.6959 	EXP 	thanksMsg: autoDraw = True
195.0575 	DATA 	Keypress: right
